This is pdfTeX, Version 3.141592653-2.6-1.40.29 (MiKTeX 26.2) (preloaded format=pdflatex 2026.3.30)  31 MAR 2026 22:25
entering extended mode
 restricted \write18 enabled.
 file:line:error style messages enabled.
 %&-line parsing enabled.
**c:/Users/Marco/Documents/TIR/PROJET/report/report.tex
(c:/Users/Marco/Documents/TIR/PROJET/report/report.tex
LaTeX2e <2025-11-01>
L3 programming layer <2026-01-19>
(C:\Users\Marco\AppData\Local\Programs\MiKTeX\tex/latex/base\article.cls
Document Class: article 2025/01/22 v1.4n Standard LaTeX document class
(C:\Users\Marco\AppData\Local\Programs\MiKTeX\tex/latex/base\size10.clo
File: size10.clo 2025/01/22 v1.4n Standard LaTeX file (size option)
)
\c@part=\count275
\c@section=\count276
\c@subsection=\count277
\c@subsubsection=\count278
\c@paragraph=\count279
\c@subparagraph=\count280
\c@figure=\count281
\c@table=\count282
\abovecaptionskip=\skip49
\belowcaptionskip=\skip50
\bibindent=\dimen148
) (header_report.tex (C:\Users\Marco\AppData\Local\Programs\MiKTeX\tex/latex/geometry\geometry.sty
Package: geometry 2026/03/07 v6.0 Page Geometry
 (C:\Users\Marco\AppData\Local\Programs\MiKTeX\tex/latex/graphics\keyval.sty
Package: keyval 2022/05/29 v1.15 key=value parser (DPC)
\KV@toks@=\toks17
) (C:\Users\Marco\AppData\Local\Programs\MiKTeX\tex/generic/iftex\ifvtex.sty
Package: ifvtex 2019/10/25 v1.7 ifvtex legacy package. Use iftex instead.
 (C:\Users\Marco\AppData\Local\Programs\MiKTeX\tex/generic/iftex\iftex.sty
Package: iftex 2024/12/12 v1.0g TeX engine tests
))
\Gm@cnth=\count283
\Gm@cntv=\count284
\c@Gm@tempcnt=\count285
\Gm@bindingoffset=\dimen149
\Gm@wd@mp=\dimen150
\Gm@odd@mp=\dimen151
\Gm@even@mp=\dimen152
\Gm@layoutwidth=\dimen153
\Gm@layoutheight=\dimen154
\Gm@layouthoffset=\dimen155
\Gm@layoutvoffset=\dimen156
\Gm@dimlist=\toks18
 (C:\Users\Marco\AppData\Local\Programs\MiKTeX\tex/latex/geometry\geometry.cfg)) (C:\Users\Marco\AppData\Local\Programs\MiKTeX\tex/latex/csquotes\csquotes.sty
Package: csquotes 2024-04-04 v5.2o context-sensitive quotations (JAW)
 (C:\Users\Marco\AppData\Local\Programs\MiKTeX\tex/latex/etoolbox\etoolbox.sty
Package: etoolbox 2025/10/02 v2.5m e-TeX tools for LaTeX (JAW)
\etb@tempcnta=\count286
)
\csq@reset=\count287
\csq@gtype=\count288
\csq@glevel=\count289
\csq@qlevel=\count290
\csq@maxlvl=\count291
\csq@tshold=\count292
\csq@ltx@everypar=\toks19
 (C:\Users\Marco\AppData\Local\Programs\MiKTeX\tex/latex/csquotes\csquotes.def
File: csquotes.def 2024-04-04 v5.2o csquotes generic definitions (JAW)
)
Package csquotes Info: Trying to load configuration file 'csquotes.cfg'...
Package csquotes Info: ... configuration file loaded successfully.
 (C:\Users\Marco\AppData\Local\Programs\MiKTeX\tex/latex/csquotes\csquotes.cfg
File: csquotes.cfg 
)) (C:\Users\Marco\AppData\Local\Programs\MiKTeX\tex/generic/babel\babel.sty
Package: babel 2026/03/24 v26.5 The multilingual framework for LuaLaTeX, pdfLaTeX and XeLaTeX
\babel@savecnt=\count293
LaTeX Encoding Info:    Redeclaring text command \ij (encoding OT1) on input line 2078.
LaTeX Encoding Info:    Redeclaring text command \IJ (encoding OT1) on input line 2080.
LaTeX Encoding Info:    Redeclaring text command \ij (encoding T1) on input line 2082.
LaTeX Encoding Info:    Redeclaring text command \IJ (encoding T1) on input line 2083.
LaTeX Encoding Info:    Ignoring declaration for text command \ij (encoding ?) on input line 2084.
LaTeX Encoding Info:    Ignoring declaration for text command \IJ (encoding ?) on input line 2086.
LaTeX Encoding Info:    Ignoring declaration for text command \SS (encoding ?) on input line 2111.
\U@D=\dimen157
\l@unhyphenated=\language79
 (C:\Users\Marco\AppData\Local\Programs\MiKTeX\tex/generic/babel\txtbabel.def)
\bbl@readstream=\read2
\bbl@dirlevel=\count294
Package babel Info: Configuration files are deprecated, as
(babel)             they can break document portability.
(babel)             Reported on input line 4206.

*************************************
* Local config file bblopts.cfg used
*
(C:\Users\Marco\AppData\Local\Programs\MiKTeX\tex/latex/arabi\bblopts.cfg
File: bblopts.cfg 2005/09/08 v0.1 add Arabic and Farsi to "declared" options of babel
) (C:\Users\Marco\AppData\Local\Programs\MiKTeX\tex/generic/babel/locale/en\babel-english.tex)
Package babel Info: Importing font and identification data for english
(babel)             from babel-en.ini. Reported on input line 4330.
 (C:\Users\Marco\AppData\Local\Programs\MiKTeX\tex/latex/babel-english\english.ldf
Language: english 2017/06/06 v3.3r English support from the babel system
Package babel Info: Hyphen rules for 'canadian' set to \l@english
(babel)             (\language0). Reported on input line 102.
Package babel Info: Hyphen rules for 'australian' set to \l@ukenglish
(babel)             (\language73). Reported on input line 105.
Package babel Info: Hyphen rules for 'newzealand' set to \l@ukenglish
(babel)             (\language73). Reported on input line 108.
)) (C:\Users\Marco\AppData\Local\Programs\MiKTeX\tex/latex/base\fontenc.sty
Package: fontenc 2025/07/18 v2.1d Standard LaTeX package
) (C:\Users\Marco\AppData\Local\Programs\MiKTeX\tex/latex/ragged2e\ragged2e.sty
Package: ragged2e 2023/06/22 v3.6 ragged2e Package
\CenteringLeftskip=\skip51
\RaggedLeftLeftskip=\skip52
\RaggedRightLeftskip=\skip53
\CenteringRightskip=\skip54
\RaggedLeftRightskip=\skip55
\RaggedRightRightskip=\skip56
\CenteringParfillskip=\skip57
\RaggedLeftParfillskip=\skip58
\RaggedRightParfillskip=\skip59
\JustifyingParfillskip=\skip60
\CenteringParindent=\skip61
\RaggedLeftParindent=\skip62
\RaggedRightParindent=\skip63
\JustifyingParindent=\skip64
) (C:\Users\Marco\AppData\Local\Programs\MiKTeX\tex/latex/amsfonts\amsfonts.sty
Package: amsfonts 2013/01/14 v3.01 Basic AMSFonts support
\@emptytoks=\toks20
\symAMSa=\mathgroup4
\symAMSb=\mathgroup5
LaTeX Font Info:    Redeclaring math symbol \hbar on input line 98.
LaTeX Font Info:    Overwriting math alphabet `\mathfrak' in version `bold'
(Font)                  U/euf/m/n --> U/euf/b/n on input line 106.
) (C:\Users\Marco\AppData\Local\Programs\MiKTeX\tex/latex/systeme\systeme.sty (C:\Users\Marco\AppData\Local\Programs\MiKTeX\tex/latex/xstring\xstring.sty (C:\Users\Marco\AppData\Local\Programs\MiKTeX\tex/generic/xstring\xstring.tex
\xs_counta=\count295
\xs_countb=\count296
)
Package: xstring 2023/08/22 v1.86 String manipulations (CT)
) (C:\Users\Marco\AppData\Local\Programs\MiKTeX\tex/latex/simplekv\simplekv.sty (C:\Users\Marco\AppData\Local\Programs\MiKTeX\tex/generic/simplekv\simplekv.tex)
Package: simplekv 2025/06/15 v0.32 Simple keyval package (CT)
) (C:\Users\Marco\AppData\Local\Programs\MiKTeX\tex/generic/systeme\systeme.tex (C:\Users\Marco\AppData\Local\Programs\MiKTeX\tex/generic/simplekv\simplekv.tex)
\SYS_tab_toks=\toks21
\SYS_preamble_toks=\toks22
\SYSeqnum=\count297
LaTeX Font Info:    Trying to load font information for U+msa on input line 492.
 (C:\Users\Marco\AppData\Local\Programs\MiKTeX\tex/latex/amsfonts\umsa.fd
File: umsa.fd 2013/01/14 v3.01 AMS symbols A
)
LaTeX Font Info:    Trying to load font information for U+msb on input line 492.
 (C:\Users\Marco\AppData\Local\Programs\MiKTeX\tex/latex/amsfonts\umsb.fd
File: umsb.fd 2013/01/14 v3.01 AMS symbols B
))
Package: systeme 2025/12/19 v0.51 Saisie naturelle de systèmes d'équations (CT)
) (C:\Users\Marco\AppData\Local\Programs\MiKTeX\tex/latex/amsmath\amsmath.sty
Package: amsmath 2025/07/09 v2.17z AMS math features
\@mathmargin=\skip65

For additional information on amsmath, use the `?' option.
(C:\Users\Marco\AppData\Local\Programs\MiKTeX\tex/latex/amsmath\amstext.sty
Package: amstext 2024/11/17 v2.01 AMS text
 (C:\Users\Marco\AppData\Local\Programs\MiKTeX\tex/latex/amsmath\amsgen.sty
File: amsgen.sty 1999/11/30 v2.0 generic functions
\@emptytoks=\toks23
\ex@=\dimen158
)) (C:\Users\Marco\AppData\Local\Programs\MiKTeX\tex/latex/amsmath\amsbsy.sty
Package: amsbsy 1999/11/29 v1.2d Bold Symbols
\pmbraise@=\dimen159
) (C:\Users\Marco\AppData\Local\Programs\MiKTeX\tex/latex/amsmath\amsopn.sty
Package: amsopn 2022/04/08 v2.04 operator names
)
\inf@bad=\count298
LaTeX Info: Redefining \frac on input line 233.
\uproot@=\count299
\leftroot@=\count300
LaTeX Info: Redefining \overline on input line 398.
LaTeX Info: Redefining \colon on input line 409.
\classnum@=\count301
\DOTSCASE@=\count302
LaTeX Info: Redefining \ldots on input line 495.
LaTeX Info: Redefining \dots on input line 498.
LaTeX Info: Redefining \cdots on input line 619.
\Mathstrutbox@=\box53
\strutbox@=\box54
LaTeX Info: Redefining \big on input line 721.
LaTeX Info: Redefining \Big on input line 722.
LaTeX Info: Redefining \bigg on input line 723.
LaTeX Info: Redefining \Bigg on input line 724.
\big@size=\dimen160
LaTeX Font Info:    Redeclaring font encoding OML on input line 742.
LaTeX Font Info:    Redeclaring font encoding OMS on input line 743.
\macc@depth=\count303
LaTeX Info: Redefining \bmod on input line 904.
LaTeX Info: Redefining \pmod on input line 909.
LaTeX Info: Redefining \smash on input line 939.
LaTeX Info: Redefining \relbar on input line 969.
LaTeX Info: Redefining \Relbar on input line 970.
\c@MaxMatrixCols=\count304
\dotsspace@=\muskip17
\c@parentequation=\count305
\dspbrk@lvl=\count306
\tag@help=\toks24
\row@=\count307
\column@=\count308
\maxfields@=\count309
\andhelp@=\toks25
\eqnshift@=\dimen161
\alignsep@=\dimen162
\tagshift@=\dimen163
\tagwidth@=\dimen164
\totwidth@=\dimen165
\lineht@=\dimen166
\@envbody=\toks26
\multlinegap=\skip66
\multlinetaggap=\skip67
\mathdisplay@stack=\toks27
LaTeX Info: Redefining \[ on input line 2950.
LaTeX Info: Redefining \] on input line 2951.
) (C:\Users\Marco\AppData\Local\Programs\MiKTeX\tex/latex/amsfonts\amssymb.sty
Package: amssymb 2013/01/14 v3.01 AMS font symbols
) (C:\Users\Marco\AppData\Local\Programs\MiKTeX\tex/latex/comment\comment.sty
\CommentStream=\write3
 Excluding comment 'comment') (C:\Users\Marco\AppData\Local\Programs\MiKTeX\tex/latex/tools\multicol.sty
Package: multicol 2025/10/21 v2.0b multicolumn formatting (FMi)
\c@tracingmulticols=\count310
\mult@box=\box55
\multicol@leftmargin=\dimen167
\c@unbalance=\count311
\c@collectmore=\count312
\doublecol@number=\count313
\multicoltolerance=\count314
\multicolpretolerance=\count315
\full@width=\dimen168
\page@free=\dimen169
\premulticols=\dimen170
\postmulticols=\dimen171
\multicolsep=\skip68
\multicolbaselineskip=\skip69
\partial@page=\box56
\last@line=\box57
\mc@boxedresult=\box58
\maxbalancingoverflow=\dimen172
\mult@rightbox=\box59
\mult@grightbox=\box60
\mult@firstbox=\box61
\mult@gfirstbox=\box62
\@tempa=\box63
\@tempa=\box64
\@tempa=\box65
\@tempa=\box66
\@tempa=\box67
\@tempa=\box68
\@tempa=\box69
\@tempa=\box70
\@tempa=\box71
\@tempa=\box72
\@tempa=\box73
\@tempa=\box74
\@tempa=\box75
\@tempa=\box76
\@tempa=\box77
\@tempa=\box78
\@tempa=\box79
\@tempa=\box80
\@tempa=\box81
\@tempa=\box82
\@tempa=\box83
\@tempa=\box84
\@tempa=\box85
\@tempa=\box86
\@tempa=\box87
\@tempa=\box88
\@tempa=\box89
\@tempa=\box90
\@tempa=\box91
\@tempa=\box92
\@tempa=\box93
\@tempa=\box94
\@tempa=\box95
\@tempa=\box96
\@tempa=\box97
\@tempa=\box98
\c@minrows=\count316
\c@columnbadness=\count317
\c@finalcolumnbadness=\count318
\last@try=\dimen173
\multicolovershoot=\dimen174
\multicolundershoot=\dimen175
\mult@nat@firstbox=\box99
\colbreak@box=\box100
\mc@col@check@num=\count319
\g__mc_curr_col_int=\count320
) (C:\Users\Marco\AppData\Local\Programs\MiKTeX\tex/latex/lipsum\lipsum.sty (C:\Users\Marco\AppData\Local\Programs\MiKTeX\tex/latex/l3packages/l3keys2e\l3keys2e.sty (C:\Users\Marco\AppData\Local\Programs\MiKTeX\tex/latex/l3kernel\expl3.sty
Package: expl3 2026-01-19 L3 programming layer (loader) 
 (C:\Users\Marco\AppData\Local\Programs\MiKTeX\tex/latex/l3backend\l3backend-pdftex.def
File: l3backend-pdftex.def 2025-10-09 L3 backend support: PDF output (pdfTeX)
\l__color_backend_stack_int=\count321
))
Package: l3keys2e 2025-10-09 LaTeX2e option processing using LaTeX3 keys
)
Package: lipsum 2021-09-20 v2.7 150 paragraphs of Lorem Ipsum dummy text
\g__lipsum_par_int=\count322
\l__lipsum_a_int=\count323
\l__lipsum_b_int=\count324
 (C:\Users\Marco\AppData\Local\Programs\MiKTeX\tex/latex/lipsum\lipsum.ltd.tex)) (C:\Users\Marco\AppData\Local\Programs\MiKTeX\tex/latex/graphics\graphicx.sty
Package: graphicx 2024/12/31 v1.2e Enhanced LaTeX Graphics (DPC,SPQR)
 (C:\Users\Marco\AppData\Local\Programs\MiKTeX\tex/latex/graphics\graphics.sty
Package: graphics 2024/08/06 v1.4g Standard LaTeX Graphics (DPC,SPQR)
 (C:\Users\Marco\AppData\Local\Programs\MiKTeX\tex/latex/graphics\trig.sty
Package: trig 2023/12/02 v1.11 sin cos tan (DPC)
) (C:\Users\Marco\AppData\Local\Programs\MiKTeX\tex/latex/graphics-cfg\graphics.cfg
File: graphics.cfg 2016/06/04 v1.11 sample graphics configuration
)
Package graphics Info: Driver file: pdftex.def on input line 106.
 (C:\Users\Marco\AppData\Local\Programs\MiKTeX\tex/latex/graphics-def\pdftex.def
File: pdftex.def 2025/09/29 v1.2d Graphics/color driver for pdftex
))
\Gin@req@height=\dimen176
\Gin@req@width=\dimen177
) (C:\Users\Marco\AppData\Local\Programs\MiKTeX\tex/latex/stmaryrd\stmaryrd.sty
Package: stmaryrd 1994/03/03 St Mary's Road symbol package
\symstmry=\mathgroup6
LaTeX Font Info:    Overwriting symbol font `stmry' in version `bold'
(Font)                  U/stmry/m/n --> U/stmry/b/n on input line 89.
) (C:\Users\Marco\AppData\Local\Programs\MiKTeX\tex/latex/wrapfig\wrapfig.sty
\wrapoverhang=\dimen178
\WF@size=\dimen179
\c@WF@wrappedlines=\count325
\WF@box=\box101
\WF@everypar=\toks28
Package: wrapfig 2003/01/31  v 3.6
) (C:\Users\Marco\AppData\Local\Programs\MiKTeX\tex/latex/colortbl\colortbl.sty
Package: colortbl 2024/10/29 v1.0k Color table columns (DPC)
 (C:\Users\Marco\AppData\Local\Programs\MiKTeX\tex/latex/tools\array.sty
Package: array 2025/09/25 v2.6n Tabular extension package (FMi)
\col@sep=\dimen180
\ar@mcellbox=\box102
\extrarowheight=\dimen181
\NC@list=\toks29
\extratabsurround=\skip70
\backup@length=\skip71
\ar@cellbox=\box103
) (C:\Users\Marco\AppData\Local\Programs\MiKTeX\tex/latex/graphics\color.sty
Package: color 2025/01/14 v1.3e Standard LaTeX Color (DPC)
 (C:\Users\Marco\AppData\Local\Programs\MiKTeX\tex/latex/graphics-cfg\color.cfg
File: color.cfg 2016/01/02 v1.6 sample color configuration
)
Package color Info: Driver file: pdftex.def on input line 149.
 (C:\Users\Marco\AppData\Local\Programs\MiKTeX\tex/latex/graphics\mathcolor.ltx))
\everycr=\toks30
\minrowclearance=\skip72
\rownum=\count326
) (C:\Users\Marco\AppData\Local\Programs\MiKTeX\tex/latex/cellspace\cellspace.sty
Package: cellspace 2026/01/24 v1.9.1a Spacing table cells (JN)
 (C:\Users\Marco\AppData\Local\Programs\MiKTeX\tex/latex/base\ifthen.sty
Package: ifthen 2024/03/16 v1.1e Standard LaTeX ifthen package (DPC)
) (C:\Users\Marco\AppData\Local\Programs\MiKTeX\tex/latex/tools\calc.sty
Package: calc 2025/03/01 v4.3b Infix arithmetic (KKT,FJ)
\calc@Acount=\count327
\calc@Bcount=\count328
\calc@Adimen=\dimen182
\calc@Bdimen=\dimen183
\calc@Askip=\skip73
\calc@Bskip=\skip74
LaTeX Info: Redefining \setlength on input line 86.
LaTeX Info: Redefining \addtolength on input line 87.
\calc@Ccount=\count329
\calc@Cskip=\skip75
) (C:\Users\Marco\AppData\Local\Programs\MiKTeX\tex/latex/xkeyval\xkeyval.sty
Package: xkeyval 2022/06/16 v2.9 package option processing (HA)
 (C:\Users\Marco\AppData\Local\Programs\MiKTeX\tex/generic/xkeyval\xkeyval.tex (C:\Users\Marco\AppData\Local\Programs\MiKTeX\tex/generic/xkeyval\xkvutils.tex
\XKV@toks=\toks31
\XKV@tempa@toks=\toks32
)
\XKV@depth=\count330
File: xkeyval.tex 2014/12/03 v2.7a key=value parser (HA)
))
\cellspacetoplimit=\dimen184
\cellspacebottomlimit=\dimen185
\cellspace@firstht=\dimen186
\cellspace@lastdp=\dimen187
) (C:\Users\Marco\AppData\Local\Programs\MiKTeX\tex/latex/ntheorem\ntheorem.sty
Style `ntheorem', Version 1.33 <2011/08/15>
Package: ntheorem 2011/08/15 1.33
\theorem@style=\toks33
\theorem@@style=\toks34
\theorembodyfont=\toks35
\theoremnumbering=\toks36
\theorempreskipamount=\skip76
\theorempostskipamount=\skip77
\theoremframepreskipamount=\skip78
\theoremframepostskipamount=\skip79
\theoreminframepreskipamount=\skip80
\theoreminframepostskipamount=\skip81
\theorem@preskip=\toks37
\theorem@postskip=\toks38
\theorem@framepreskip=\toks39
\theorem@framepostskip=\toks40
\theorem@inframepreskip=\toks41
\theorem@inframepostskip=\toks42
\theoremindent=\dimen188
\theorem@indent=\dimen189
\theoremrightindent=\dimen190
\theorem@rightindent=\dimen191
\theoremheaderfont=\toks43
\theoremseparator=\toks44
\theoremprework=\toks45
\theorempostwork=\toks46
\theoremsymbol=\toks47
\qedsymbol=\toks48
\theoremkeyword=\toks49
\qedsymbol=\toks50
\thm@topsep=\skip82
\thm@topsepadd=\skip83
) (C:\Users\Marco\AppData\Local\Programs\MiKTeX\tex/latex/lm\lmodern.sty
Package: lmodern 2015/05/01 v1.6.1 Latin Modern Fonts
LaTeX Font Info:    Overwriting symbol font `operators' in version `normal'
(Font)                  OT1/cmr/m/n --> OT1/lmr/m/n on input line 22.
LaTeX Font Info:    Overwriting symbol font `letters' in version `normal'
(Font)                  OML/cmm/m/it --> OML/lmm/m/it on input line 23.
LaTeX Font Info:    Overwriting symbol font `symbols' in version `normal'
(Font)                  OMS/cmsy/m/n --> OMS/lmsy/m/n on input line 24.
LaTeX Font Info:    Overwriting symbol font `largesymbols' in version `normal'
(Font)                  OMX/cmex/m/n --> OMX/lmex/m/n on input line 25.
LaTeX Font Info:    Overwriting symbol font `operators' in version `bold'
(Font)                  OT1/cmr/bx/n --> OT1/lmr/bx/n on input line 26.
LaTeX Font Info:    Overwriting symbol font `letters' in version `bold'
(Font)                  OML/cmm/b/it --> OML/lmm/b/it on input line 27.
LaTeX Font Info:    Overwriting symbol font `symbols' in version `bold'
(Font)                  OMS/cmsy/b/n --> OMS/lmsy/b/n on input line 28.
LaTeX Font Info:    Overwriting symbol font `largesymbols' in version `bold'
(Font)                  OMX/cmex/m/n --> OMX/lmex/m/n on input line 29.
LaTeX Font Info:    Overwriting math alphabet `\mathbf' in version `normal'
(Font)                  OT1/cmr/bx/n --> OT1/lmr/bx/n on input line 31.
LaTeX Font Info:    Overwriting math alphabet `\mathsf' in version `normal'
(Font)                  OT1/cmss/m/n --> OT1/lmss/m/n on input line 32.
LaTeX Font Info:    Overwriting math alphabet `\mathit' in version `normal'
(Font)                  OT1/cmr/m/it --> OT1/lmr/m/it on input line 33.
LaTeX Font Info:    Overwriting math alphabet `\mathtt' in version `normal'
(Font)                  OT1/cmtt/m/n --> OT1/lmtt/m/n on input line 34.
LaTeX Font Info:    Overwriting math alphabet `\mathbf' in version `bold'
(Font)                  OT1/cmr/bx/n --> OT1/lmr/bx/n on input line 35.
LaTeX Font Info:    Overwriting math alphabet `\mathsf' in version `bold'
(Font)                  OT1/cmss/bx/n --> OT1/lmss/bx/n on input line 36.
LaTeX Font Info:    Overwriting math alphabet `\mathit' in version `bold'
(Font)                  OT1/cmr/bx/it --> OT1/lmr/bx/it on input line 37.
LaTeX Font Info:    Overwriting math alphabet `\mathtt' in version `bold'
(Font)                  OT1/cmtt/m/n --> OT1/lmtt/m/n on input line 38.
) (C:\Users\Marco\AppData\Local\Programs\MiKTeX\tex/latex/mathtools\mathtools.sty
Package: mathtools 2024/10/04 v1.31 mathematical typesetting tools
 (C:\Users\Marco\AppData\Local\Programs\MiKTeX\tex/latex/mathtools\mhsetup.sty
Package: mhsetup 2021/03/18 v1.4 programming setup (MH)
)
\g_MT_multlinerow_int=\count331
\l_MT_multwidth_dim=\dimen192
\origjot=\skip84
\l_MT_shortvdotswithinadjustabove_dim=\dimen193
\l_MT_shortvdotswithinadjustbelow_dim=\dimen194
\l_MT_above_intertext_sep=\dimen195
\l_MT_below_intertext_sep=\dimen196
\l_MT_above_shortintertext_sep=\dimen197
\l_MT_below_shortintertext_sep=\dimen198
\xmathstrut@box=\box104
\xmathstrut@dim=\dimen199
) (C:\Users\Marco\AppData\Local\Programs\MiKTeX\tex/latex/tools\tabularx.sty
Package: tabularx 2023/12/11 v2.12a `tabularx' package (DPC)
\TX@col@width=\dimen256
\TX@old@table=\dimen257
\TX@old@col=\dimen258
\TX@target=\dimen259
\TX@delta=\dimen260
\TX@cols=\count332
\TX@ftn=\toks51
) (C:\Users\Marco\AppData\Local\Programs\MiKTeX\tex/latex/titlepic\titlepic.sty
Package: titlepic 2017/03/14 1.2 Package to display a picture on the title page
) (C:\Users\Marco\AppData\Local\Programs\MiKTeX\tex/latex/fancyhdr\fancyhdr.sty
Package: fancyhdr 2025/02/07 v5.2 Extensive control of page headers and footers
\f@nch@headwidth=\skip85
\f@nch@offset@elh=\skip86
\f@nch@offset@erh=\skip87
\f@nch@offset@olh=\skip88
\f@nch@offset@orh=\skip89
\f@nch@offset@elf=\skip90
\f@nch@offset@erf=\skip91
\f@nch@offset@olf=\skip92
\f@nch@offset@orf=\skip93
\f@nch@height=\skip94
\f@nch@footalignment=\skip95
\f@nch@widthL=\skip96
\f@nch@widthC=\skip97
\f@nch@widthR=\skip98
\@temptokenb=\toks52
) (C:\Users\Marco\AppData\Local\Programs\MiKTeX\tex/latex/caption\caption.sty
Package: caption 2023/08/05 v3.6o Customizing captions (AR)
 (C:\Users\Marco\AppData\Local\Programs\MiKTeX\tex/latex/caption\caption3.sty
Package: caption3 2023/07/31 v2.4d caption3 kernel (AR)
\caption@tempdima=\dimen261
\captionmargin=\dimen262
\caption@leftmargin=\dimen263
\caption@rightmargin=\dimen264
\caption@width=\dimen265
\caption@indent=\dimen266
\caption@parindent=\dimen267
\caption@hangindent=\dimen268
Package caption Info: Standard document class detected.
)
\c@caption@flags=\count333
\c@continuedfloat=\count334
Package caption Info: wrapfig package is loaded.
) (C:\Users\Marco\AppData\Local\Programs\MiKTeX\tex/latex/xcolor\xcolor.sty
Package: xcolor 2024/09/29 v3.02 LaTeX color extensions (UK)
 (C:\Users\Marco\AppData\Local\Programs\MiKTeX\tex/latex/graphics-cfg\color.cfg
File: color.cfg 2016/01/02 v1.6 sample color configuration
)
Package xcolor Info: Driver file: pdftex.def on input line 274.
LaTeX Info: Redefining \color on input line 762.
 (C:\Users\Marco\AppData\Local\Programs\MiKTeX\tex/latex/graphics\mathcolor.ltx)
Package xcolor Info: Model `cmy' substituted by `cmy0' on input line 1349.
Package xcolor Info: Model `hsb' substituted by `rgb' on input line 1353.
Package xcolor Info: Model `RGB' extended on input line 1365.
Package xcolor Info: Model `HTML' substituted by `rgb' on input line 1367.
Package xcolor Info: Model `Hsb' substituted by `hsb' on input line 1368.
Package xcolor Info: Model `tHsb' substituted by `hsb' on input line 1369.
Package xcolor Info: Model `HSB' substituted by `hsb' on input line 1370.
Package xcolor Info: Model `Gray' substituted by `gray' on input line 1371.
Package xcolor Info: Model `wave' substituted by `hsb' on input line 1372.
) (C:\Users\Marco\AppData\Local\Programs\MiKTeX\tex/latex/hyperref\hyperref.sty
Package: hyperref 2026-01-29 v7.01p Hypertext links for LaTeX
 (C:\Users\Marco\AppData\Local\Programs\MiKTeX\tex/latex/kvsetkeys\kvsetkeys.sty
Package: kvsetkeys 2022-10-05 v1.19 Key value parser (HO)
) (C:\Users\Marco\AppData\Local\Programs\MiKTeX\tex/generic/kvdefinekeys\kvdefinekeys.sty
Package: kvdefinekeys 2019-12-19 v1.6 Define keys (HO)
) (C:\Users\Marco\AppData\Local\Programs\MiKTeX\tex/generic/pdfescape\pdfescape.sty
Package: pdfescape 2019/12/09 v1.15 Implements pdfTeX's escape features (HO)
 (C:\Users\Marco\AppData\Local\Programs\MiKTeX\tex/generic/ltxcmds\ltxcmds.sty
Package: ltxcmds 2023-12-04 v1.26 LaTeX kernel commands for general use (HO)
) (C:\Users\Marco\AppData\Local\Programs\MiKTeX\tex/generic/pdftexcmds\pdftexcmds.sty
Package: pdftexcmds 2020-06-27 v0.33 Utility functions of pdfTeX for LuaTeX (HO)
 (C:\Users\Marco\AppData\Local\Programs\MiKTeX\tex/generic/infwarerr\infwarerr.sty
Package: infwarerr 2019/12/03 v1.5 Providing info/warning/error messages (HO)
)
Package pdftexcmds Info: \pdf@primitive is available.
Package pdftexcmds Info: \pdf@ifprimitive is available.
Package pdftexcmds Info: \pdfdraftmode found.
)) (C:\Users\Marco\AppData\Local\Programs\MiKTeX\tex/latex/hycolor\hycolor.sty
Package: hycolor 2020-01-27 v1.10 Color options for hyperref/bookmark (HO)
) (C:\Users\Marco\AppData\Local\Programs\MiKTeX\tex/latex/hyperref\nameref.sty
Package: nameref 2026-01-29 v2.58 Cross-referencing by name of section
 (C:\Users\Marco\AppData\Local\Programs\MiKTeX\tex/latex/refcount\refcount.sty
Package: refcount 2019/12/15 v3.6 Data extraction from label references (HO)
) (C:\Users\Marco\AppData\Local\Programs\MiKTeX\tex/generic/gettitlestring\gettitlestring.sty
Package: gettitlestring 2019/12/15 v1.6 Cleanup title references (HO)
 (C:\Users\Marco\AppData\Local\Programs\MiKTeX\tex/latex/kvoptions\kvoptions.sty
Package: kvoptions 2022-06-15 v3.15 Key value format for package options (HO)
))
\c@section@level=\count335
) (C:\Users\Marco\AppData\Local\Programs\MiKTeX\tex/generic/stringenc\stringenc.sty
Package: stringenc 2019/11/29 v1.12 Convert strings between diff. encodings (HO)
)
\@linkdim=\dimen269
\Hy@linkcounter=\count336
\Hy@pagecounter=\count337
 (C:\Users\Marco\AppData\Local\Programs\MiKTeX\tex/latex/hyperref\pd1enc.def
File: pd1enc.def 2026-01-29 v7.01p Hyperref: PDFDocEncoding definition (HO)
Now handling font encoding PD1 ...
... no UTF-8 mapping file for font encoding PD1
) (C:\Users\Marco\AppData\Local\Programs\MiKTeX\tex/generic/intcalc\intcalc.sty
Package: intcalc 2019/12/15 v1.3 Expandable calculations with integers (HO)
)
\Hy@SavedSpaceFactor=\count338
 (C:\Users\Marco\AppData\Local\Programs\MiKTeX\tex/latex/hyperref\puenc.def
File: puenc.def 2026-01-29 v7.01p Hyperref: PDF Unicode definition (HO)
Now handling font encoding PU ...
... no UTF-8 mapping file for font encoding PU
)
Package hyperref Info: Hyper figures OFF on input line 4201.
Package hyperref Info: Link nesting OFF on input line 4206.
Package hyperref Info: Hyper index ON on input line 4209.
Package hyperref Info: Plain pages OFF on input line 4216.
Package hyperref Info: Backreferencing OFF on input line 4221.
Package hyperref Info: Implicit mode ON; LaTeX internals redefined.
Package hyperref Info: Bookmarks ON on input line 4468.
\c@Hy@tempcnt=\count339
 (C:\Users\Marco\AppData\Local\Programs\MiKTeX\tex/latex/url\url.sty
\Urlmuskip=\muskip18
Package: url 2013/09/16  ver 3.4  Verb mode for urls, etc.
)
LaTeX Info: Redefining \url on input line 4807.
\XeTeXLinkMargin=\dimen270
 (C:\Users\Marco\AppData\Local\Programs\MiKTeX\tex/generic/bitset\bitset.sty
Package: bitset 2019/12/09 v1.3 Handle bit-vector datatype (HO)
 (C:\Users\Marco\AppData\Local\Programs\MiKTeX\tex/generic/bigintcalc\bigintcalc.sty
Package: bigintcalc 2019/12/15 v1.5 Expandable calculations on big integers (HO)
))
\Fld@menulength=\count340
\Field@Width=\dimen271
\Fld@charsize=\dimen272
Package hyperref Info: Hyper figures OFF on input line 6084.
Package hyperref Info: Link nesting OFF on input line 6089.
Package hyperref Info: Hyper index ON on input line 6092.
Package hyperref Info: backreferencing OFF on input line 6099.
Package hyperref Info: Link coloring OFF on input line 6104.
Package hyperref Info: Link coloring with OCG OFF on input line 6109.
Package hyperref Info: PDF/A mode OFF on input line 6114.
\Hy@abspage=\count341
\c@Item=\count342
\c@Hfootnote=\count343
)
Package hyperref Info: Driver (autodetected): hpdftex.
 (C:\Users\Marco\AppData\Local\Programs\MiKTeX\tex/latex/hyperref\hpdftex.def
File: hpdftex.def 2026-01-29 v7.01p Hyperref driver for pdfTeX
\Fld@listcount=\count344
\c@bookmark@seq@number=\count345
 (C:\Users\Marco\AppData\Local\Programs\MiKTeX\tex/latex/rerunfilecheck\rerunfilecheck.sty
Package: rerunfilecheck 2025-06-21 v1.11 Rerun checks for auxiliary files (HO)
 (C:\Users\Marco\AppData\Local\Programs\MiKTeX\tex/generic/uniquecounter\uniquecounter.sty
Package: uniquecounter 2019/12/15 v1.4 Provide unlimited unique counter (HO)
)
Package uniquecounter Info: New unique counter `rerunfilecheck' on input line 284.
)
\Hy@SectionHShift=\skip99
) (C:\Users\Marco\AppData\Local\Programs\MiKTeX\tex/latex/base\fontenc.sty
Package: fontenc 2025/07/18 v2.1d Standard LaTeX package
LaTeX Font Info:    Trying to load font information for T1+lmr on input line 116.
 (C:\Users\Marco\AppData\Local\Programs\MiKTeX\tex/latex/lm\t1lmr.fd
File: t1lmr.fd 2015/05/01 v1.6.1 Font defs for Latin Modern
)) (C:\Users\Marco\AppData\Local\Programs\MiKTeX\tex/latex/listings\listings.sty
\lst@mode=\count346
\lst@gtempboxa=\box105
\lst@token=\toks53
\lst@length=\count347
\lst@currlwidth=\dimen273
\lst@column=\count348
\lst@pos=\count349
\lst@lostspace=\dimen274
\lst@width=\dimen275
\lst@newlines=\count350
\lst@lineno=\count351
\lst@maxwidth=\dimen276
 (C:\Users\Marco\AppData\Local\Programs\MiKTeX\tex/latex/listings\lstpatch.sty
File: lstpatch.sty 2025/11/14 1.11b (Carsten Heinz)
) (C:\Users\Marco\AppData\Local\Programs\MiKTeX\tex/latex/listings\lstmisc.sty
File: lstmisc.sty 2025/11/14 1.11b (Carsten Heinz)
\c@lstnumber=\count352
\lst@skipnumbers=\count353
\lst@framebox=\box106
) (C:\Users\Marco\AppData\Local\Programs\MiKTeX\tex/latex/listings\listings.cfg
File: listings.cfg 2025/11/14 1.11b listings configuration
))
Package: listings 2025/11/14 1.11b (Carsten Heinz)

==> First Aid for listings.sty no longer applied!
    Expected:
        2024/09/23 1.10c (Carsten Heinz)
    but found:
        2025/11/14 1.11b (Carsten Heinz)
    so I'm assuming it got fixed.
(C:\Users\Marco\AppData\Local\Programs\MiKTeX\tex/latex/pgf/frontendlayer\tikz.sty (C:\Users\Marco\AppData\Local\Programs\MiKTeX\tex/latex/pgf/basiclayer\pgf.sty (C:\Users\Marco\AppData\Local\Programs\MiKTeX\tex/latex/pgf/utilities\pgfrcs.sty (C:\Users\Marco\AppData\Local\Programs\MiKTeX\tex/generic/pgf/utilities\pgfutil-common.tex
\pgfutil@everybye=\toks54
\pgfutil@tempdima=\dimen277
\pgfutil@tempdimb=\dimen278
) (C:\Users\Marco\AppData\Local\Programs\MiKTeX\tex/generic/pgf/utilities\pgfutil-latex.def
\pgfutil@abb=\box107
) (C:\Users\Marco\AppData\Local\Programs\MiKTeX\tex/generic/pgf/utilities\pgfrcs.code.tex (C:\Users\Marco\AppData\Local\Programs\MiKTeX\tex/generic/pgf\pgf.revision.tex)
Package: pgfrcs 2025-08-29 v3.1.11a (3.1.11a)
))
Package: pgf 2025-08-29 v3.1.11a (3.1.11a)
 (C:\Users\Marco\AppData\Local\Programs\MiKTeX\tex/latex/pgf/basiclayer\pgfcore.sty (C:\Users\Marco\AppData\Local\Programs\MiKTeX\tex/latex/pgf/systemlayer\pgfsys.sty (C:\Users\Marco\AppData\Local\Programs\MiKTeX\tex/generic/pgf/systemlayer\pgfsys.code.tex
Package: pgfsys 2025-08-29 v3.1.11a (3.1.11a)
 (C:\Users\Marco\AppData\Local\Programs\MiKTeX\tex/generic/pgf/utilities\pgfkeys.code.tex
\pgfkeys@pathtoks=\toks55
\pgfkeys@temptoks=\toks56
 (C:\Users\Marco\AppData\Local\Programs\MiKTeX\tex/generic/pgf/utilities\pgfkeyslibraryfiltered.code.tex
\pgfkeys@tmptoks=\toks57
))
\pgf@x=\dimen279
\pgf@y=\dimen280
\pgf@xa=\dimen281
\pgf@ya=\dimen282
\pgf@xb=\dimen283
\pgf@yb=\dimen284
\pgf@xc=\dimen285
\pgf@yc=\dimen286
\pgf@xd=\dimen287
\pgf@yd=\dimen288
\w@pgf@writea=\write4
\r@pgf@reada=\read3
\c@pgf@counta=\count354
\c@pgf@countb=\count355
\c@pgf@countc=\count356
\c@pgf@countd=\count357
\t@pgf@toka=\toks58
\t@pgf@tokb=\toks59
\t@pgf@tokc=\toks60
\pgf@sys@id@count=\count358
 (C:\Users\Marco\AppData\Local\Programs\MiKTeX\tex/generic/pgf/systemlayer\pgf.cfg
File: pgf.cfg 2025-08-29 v3.1.11a (3.1.11a)
)
Driver file for pgf: pgfsys-pdftex.def
 (C:\Users\Marco\AppData\Local\Programs\MiKTeX\tex/generic/pgf/systemlayer\pgfsys-pdftex.def
File: pgfsys-pdftex.def 2025-08-29 v3.1.11a (3.1.11a)
 (C:\Users\Marco\AppData\Local\Programs\MiKTeX\tex/generic/pgf/systemlayer\pgfsys-common-pdf.def
File: pgfsys-common-pdf.def 2025-08-29 v3.1.11a (3.1.11a)
))) (C:\Users\Marco\AppData\Local\Programs\MiKTeX\tex/generic/pgf/systemlayer\pgfsyssoftpath.code.tex
File: pgfsyssoftpath.code.tex 2025-08-29 v3.1.11a (3.1.11a)
\pgfsyssoftpath@smallbuffer@items=\count359
\pgfsyssoftpath@bigbuffer@items=\count360
) (C:\Users\Marco\AppData\Local\Programs\MiKTeX\tex/generic/pgf/systemlayer\pgfsysprotocol.code.tex
File: pgfsysprotocol.code.tex 2025-08-29 v3.1.11a (3.1.11a)
)) (C:\Users\Marco\AppData\Local\Programs\MiKTeX\tex/generic/pgf/basiclayer\pgfcore.code.tex
Package: pgfcore 2025-08-29 v3.1.11a (3.1.11a)
 (C:\Users\Marco\AppData\Local\Programs\MiKTeX\tex/generic/pgf/math\pgfmath.code.tex (C:\Users\Marco\AppData\Local\Programs\MiKTeX\tex/generic/pgf/math\pgfmathutil.code.tex) (C:\Users\Marco\AppData\Local\Programs\MiKTeX\tex/generic/pgf/math\pgfmathparser.code.tex
\pgfmath@dimen=\dimen289
\pgfmath@count=\count361
\pgfmath@box=\box108
\pgfmath@toks=\toks61
\pgfmath@stack@operand=\toks62
\pgfmath@stack@operation=\toks63
) (C:\Users\Marco\AppData\Local\Programs\MiKTeX\tex/generic/pgf/math\pgfmathfunctions.code.tex) (C:\Users\Marco\AppData\Local\Programs\MiKTeX\tex/generic/pgf/math\pgfmathfunctions.basic.code.tex) (C:\Users\Marco\AppData\Local\Programs\MiKTeX\tex/generic/pgf/math\pgfmathfunctions.trigonometric.code.tex) (C:\Users\Marco\AppData\Local\Programs\MiKTeX\tex/generic/pgf/math\pgfmathfunctions.random.code.tex) (C:\Users\Marco\AppData\Local\Programs\MiKTeX\tex/generic/pgf/math\pgfmathfunctions.comparison.code.tex) (C:\Users\Marco\AppData\Local\Programs\MiKTeX\tex/generic/pgf/math\pgfmathfunctions.base.code.tex) (C:\Users\Marco\AppData\Local\Programs\MiKTeX\tex/generic/pgf/math\pgfmathfunctions.round.code.tex) (C:\Users\Marco\AppData\Local\Programs\MiKTeX\tex/generic/pgf/math\pgfmathfunctions.misc.code.tex) (C:\Users\Marco\AppData\Local\Programs\MiKTeX\tex/generic/pgf/math\pgfmathfunctions.integerarithmetics.code.tex) (C:\Users\Marco\AppData\Local\Programs\MiKTeX\tex/generic/pgf/math\pgfmathcalc.code.tex) (C:\Users\Marco\AppData\Local\Programs\MiKTeX\tex/generic/pgf/math\pgfmathfloat.code.tex
\c@pgfmathroundto@lastzeros=\count362
)) (C:\Users\Marco\AppData\Local\Programs\MiKTeX\tex/generic/pgf/math\pgfint.code.tex) (C:\Users\Marco\AppData\Local\Programs\MiKTeX\tex/generic/pgf/basiclayer\pgfcorepoints.code.tex
File: pgfcorepoints.code.tex 2025-08-29 v3.1.11a (3.1.11a)
\pgf@picminx=\dimen290
\pgf@picmaxx=\dimen291
\pgf@picminy=\dimen292
\pgf@picmaxy=\dimen293
\pgf@pathminx=\dimen294
\pgf@pathmaxx=\dimen295
\pgf@pathminy=\dimen296
\pgf@pathmaxy=\dimen297
\pgf@xx=\dimen298
\pgf@xy=\dimen299
\pgf@yx=\dimen300
\pgf@yy=\dimen301
\pgf@zx=\dimen302
\pgf@zy=\dimen303
) (C:\Users\Marco\AppData\Local\Programs\MiKTeX\tex/generic/pgf/basiclayer\pgfcorepathconstruct.code.tex
File: pgfcorepathconstruct.code.tex 2025-08-29 v3.1.11a (3.1.11a)
\pgf@path@lastx=\dimen304
\pgf@path@lasty=\dimen305
) (C:\Users\Marco\AppData\Local\Programs\MiKTeX\tex/generic/pgf/basiclayer\pgfcorepathusage.code.tex
File: pgfcorepathusage.code.tex 2025-08-29 v3.1.11a (3.1.11a)
\pgf@shorten@end@additional=\dimen306
\pgf@shorten@start@additional=\dimen307
) (C:\Users\Marco\AppData\Local\Programs\MiKTeX\tex/generic/pgf/basiclayer\pgfcorescopes.code.tex
File: pgfcorescopes.code.tex 2025-08-29 v3.1.11a (3.1.11a)
\pgfpic=\box109
\pgf@hbox=\box110
\pgf@layerbox@main=\box111
\pgf@picture@serial@count=\count363
) (C:\Users\Marco\AppData\Local\Programs\MiKTeX\tex/generic/pgf/basiclayer\pgfcoregraphicstate.code.tex
File: pgfcoregraphicstate.code.tex 2025-08-29 v3.1.11a (3.1.11a)
\pgflinewidth=\dimen308
) (C:\Users\Marco\AppData\Local\Programs\MiKTeX\tex/generic/pgf/basiclayer\pgfcoretransformations.code.tex
File: pgfcoretransformations.code.tex 2025-08-29 v3.1.11a (3.1.11a)
\pgf@pt@x=\dimen309
\pgf@pt@y=\dimen310
\pgf@pt@temp=\dimen311
) (C:\Users\Marco\AppData\Local\Programs\MiKTeX\tex/generic/pgf/basiclayer\pgfcorequick.code.tex
File: pgfcorequick.code.tex 2025-08-29 v3.1.11a (3.1.11a)
) (C:\Users\Marco\AppData\Local\Programs\MiKTeX\tex/generic/pgf/basiclayer\pgfcoreobjects.code.tex
File: pgfcoreobjects.code.tex 2025-08-29 v3.1.11a (3.1.11a)
) (C:\Users\Marco\AppData\Local\Programs\MiKTeX\tex/generic/pgf/basiclayer\pgfcorepathprocessing.code.tex
File: pgfcorepathprocessing.code.tex 2025-08-29 v3.1.11a (3.1.11a)
) (C:\Users\Marco\AppData\Local\Programs\MiKTeX\tex/generic/pgf/basiclayer\pgfcorearrows.code.tex
File: pgfcorearrows.code.tex 2025-08-29 v3.1.11a (3.1.11a)
\pgfarrowsep=\dimen312
) (C:\Users\Marco\AppData\Local\Programs\MiKTeX\tex/generic/pgf/basiclayer\pgfcoreshade.code.tex
File: pgfcoreshade.code.tex 2025-08-29 v3.1.11a (3.1.11a)
\pgf@max=\dimen313
\pgf@sys@shading@range@num=\count364
\pgf@shadingcount=\count365
) (C:\Users\Marco\AppData\Local\Programs\MiKTeX\tex/generic/pgf/basiclayer\pgfcoreimage.code.tex
File: pgfcoreimage.code.tex 2025-08-29 v3.1.11a (3.1.11a)
) (C:\Users\Marco\AppData\Local\Programs\MiKTeX\tex/generic/pgf/basiclayer\pgfcoreexternal.code.tex
File: pgfcoreexternal.code.tex 2025-08-29 v3.1.11a (3.1.11a)
\pgfexternal@startupbox=\box112
) (C:\Users\Marco\AppData\Local\Programs\MiKTeX\tex/generic/pgf/basiclayer\pgfcorelayers.code.tex
File: pgfcorelayers.code.tex 2025-08-29 v3.1.11a (3.1.11a)
) (C:\Users\Marco\AppData\Local\Programs\MiKTeX\tex/generic/pgf/basiclayer\pgfcoretransparency.code.tex
File: pgfcoretransparency.code.tex 2025-08-29 v3.1.11a (3.1.11a)
) (C:\Users\Marco\AppData\Local\Programs\MiKTeX\tex/generic/pgf/basiclayer\pgfcorepatterns.code.tex
File: pgfcorepatterns.code.tex 2025-08-29 v3.1.11a (3.1.11a)
) (C:\Users\Marco\AppData\Local\Programs\MiKTeX\tex/generic/pgf/basiclayer\pgfcorerdf.code.tex
File: pgfcorerdf.code.tex 2025-08-29 v3.1.11a (3.1.11a)
))) (C:\Users\Marco\AppData\Local\Programs\MiKTeX\tex/generic/pgf/modules\pgfmoduleshapes.code.tex
File: pgfmoduleshapes.code.tex 2025-08-29 v3.1.11a (3.1.11a)
\pgfnodeparttextbox=\box113
) (C:\Users\Marco\AppData\Local\Programs\MiKTeX\tex/generic/pgf/modules\pgfmoduleplot.code.tex
File: pgfmoduleplot.code.tex 2025-08-29 v3.1.11a (3.1.11a)
) (C:\Users\Marco\AppData\Local\Programs\MiKTeX\tex/latex/pgf/compatibility\pgfcomp-version-0-65.sty
Package: pgfcomp-version-0-65 2025-08-29 v3.1.11a (3.1.11a)
\pgf@nodesepstart=\dimen314
\pgf@nodesepend=\dimen315
) (C:\Users\Marco\AppData\Local\Programs\MiKTeX\tex/latex/pgf/compatibility\pgfcomp-version-1-18.sty
Package: pgfcomp-version-1-18 2025-08-29 v3.1.11a (3.1.11a)
)) (C:\Users\Marco\AppData\Local\Programs\MiKTeX\tex/latex/pgf/utilities\pgffor.sty (C:\Users\Marco\AppData\Local\Programs\MiKTeX\tex/latex/pgf/utilities\pgfkeys.sty (C:\Users\Marco\AppData\Local\Programs\MiKTeX\tex/generic/pgf/utilities\pgfkeys.code.tex)) (C:\Users\Marco\AppData\Local\Programs\MiKTeX\tex/latex/pgf/math\pgfmath.sty (C:\Users\Marco\AppData\Local\Programs\MiKTeX\tex/generic/pgf/math\pgfmath.code.tex)) (C:\Users\Marco\AppData\Local\Programs\MiKTeX\tex/generic/pgf/utilities\pgffor.code.tex
Package: pgffor 2025-08-29 v3.1.11a (3.1.11a)
\pgffor@iter=\dimen316
\pgffor@skip=\dimen317
\pgffor@stack=\toks64
\pgffor@toks=\toks65
)) (C:\Users\Marco\AppData\Local\Programs\MiKTeX\tex/generic/pgf/frontendlayer/tikz\tikz.code.tex
Package: tikz 2025-08-29 v3.1.11a (3.1.11a)
 (C:\Users\Marco\AppData\Local\Programs\MiKTeX\tex/generic/pgf/libraries\pgflibraryplothandlers.code.tex
File: pgflibraryplothandlers.code.tex 2025-08-29 v3.1.11a (3.1.11a)
\pgf@plot@mark@count=\count366
\pgfplotmarksize=\dimen318
)
\tikz@lastx=\dimen319
\tikz@lasty=\dimen320
\tikz@lastxsaved=\dimen321
\tikz@lastysaved=\dimen322
\tikz@lastmovetox=\dimen323
\tikz@lastmovetoy=\dimen324
\tikzleveldistance=\dimen325
\tikzsiblingdistance=\dimen326
\tikz@figbox=\box114
\tikz@figbox@bg=\box115
\tikz@tempbox=\box116
\tikz@tempbox@bg=\box117
\tikztreelevel=\count367
\tikznumberofchildren=\count368
\tikznumberofcurrentchild=\count369
\tikz@fig@count=\count370
 (C:\Users\Marco\AppData\Local\Programs\MiKTeX\tex/generic/pgf/modules\pgfmodulematrix.code.tex
File: pgfmodulematrix.code.tex 2025-08-29 v3.1.11a (3.1.11a)
\pgfmatrixcurrentrow=\count371
\pgfmatrixcurrentcolumn=\count372
\pgf@matrix@numberofcolumns=\count373
)
\tikz@expandcount=\count374
 (C:\Users\Marco\AppData\Local\Programs\MiKTeX\tex/generic/pgf/frontendlayer/tikz/libraries\tikzlibrarytopaths.code.tex
File: tikzlibrarytopaths.code.tex 2025-08-29 v3.1.11a (3.1.11a)
))) (C:\Users\Marco\AppData\Local\Programs\MiKTeX\tex/latex/mdframed\mdframed.sty
Package: mdframed 2013/07/01 1.9b: mdframed
 (C:\Users\Marco\AppData\Local\Programs\MiKTeX\tex/latex/l3packages/xparse\xparse.sty
Package: xparse 2025-10-09 L3 Experimental document command parser
) (C:\Users\Marco\AppData\Local\Programs\MiKTeX\tex/latex/zref\zref-abspage.sty
Package: zref-abspage 2026-03-07 v2.37 Module abspage for zref (HO)
 (C:\Users\Marco\AppData\Local\Programs\MiKTeX\tex/latex/zref\zref-base.sty
Package: zref-base 2026-03-07 v2.37 Module base for zref (HO)
 (C:\Users\Marco\AppData\Local\Programs\MiKTeX\tex/generic/etexcmds\etexcmds.sty
Package: etexcmds 2019/12/15 v1.7 Avoid name clashes with e-TeX commands (HO)
) (C:\Users\Marco\AppData\Local\Programs\MiKTeX\tex/latex/auxhook\auxhook.sty
Package: auxhook 2019-12-17 v1.6 Hooks for auxiliary files (HO)
)
Package zref Info: New property list: main on input line 767.
Package zref Info: New property: default on input line 768.
Package zref Info: New property: page on input line 769.
)
\c@abspage=\count375
Package zref Info: New property: abspage on input line 67.
) (C:\Users\Marco\AppData\Local\Programs\MiKTeX\tex/latex/needspace\needspace.sty
Package: needspace 2025/03/13 v1.3e reserve vertical space
)
\mdf@templength=\skip100
\c@mdf@globalstyle@cnt=\count376
\mdf@skipabove@length=\skip101
\mdf@skipbelow@length=\skip102
\mdf@leftmargin@length=\skip103
\mdf@rightmargin@length=\skip104
\mdf@innerleftmargin@length=\skip105
\mdf@innerrightmargin@length=\skip106
\mdf@innertopmargin@length=\skip107
\mdf@innerbottommargin@length=\skip108
\mdf@splittopskip@length=\skip109
\mdf@splitbottomskip@length=\skip110
\mdf@outermargin@length=\skip111
\mdf@innermargin@length=\skip112
\mdf@linewidth@length=\skip113
\mdf@innerlinewidth@length=\skip114
\mdf@middlelinewidth@length=\skip115
\mdf@outerlinewidth@length=\skip116
\mdf@roundcorner@length=\skip117
\mdf@footenotedistance@length=\skip118
\mdf@userdefinedwidth@length=\skip119
\mdf@needspace@length=\skip120
\mdf@frametitleaboveskip@length=\skip121
\mdf@frametitlebelowskip@length=\skip122
\mdf@frametitlerulewidth@length=\skip123
\mdf@frametitleleftmargin@length=\skip124
\mdf@frametitlerightmargin@length=\skip125
\mdf@shadowsize@length=\skip126
\mdf@extratopheight@length=\skip127
\mdf@subtitleabovelinewidth@length=\skip128
\mdf@subtitlebelowlinewidth@length=\skip129
\mdf@subtitleaboveskip@length=\skip130
\mdf@subtitlebelowskip@length=\skip131
\mdf@subtitleinneraboveskip@length=\skip132
\mdf@subtitleinnerbelowskip@length=\skip133
\mdf@subsubtitleabovelinewidth@length=\skip134
\mdf@subsubtitlebelowlinewidth@length=\skip135
\mdf@subsubtitleaboveskip@length=\skip136
\mdf@subsubtitlebelowskip@length=\skip137
\mdf@subsubtitleinneraboveskip@length=\skip138
\mdf@subsubtitleinnerbelowskip@length=\skip139
 (C:\Users\Marco\AppData\Local\Programs\MiKTeX\tex/latex/mdframed\md-frame-0.mdf
File: md-frame-0.mdf 2013/07/01\ 1.9b: md-frame-0
)
\mdf@frametitlebox=\box118
\mdf@footnotebox=\box119
\mdf@splitbox@one=\box120
\mdf@splitbox@two=\box121
\mdf@splitbox@save=\box122
\mdfsplitboxwidth=\skip140
\mdfsplitboxtotalwidth=\skip141
\mdfsplitboxheight=\skip142
\mdfsplitboxdepth=\skip143
\mdfsplitboxtotalheight=\skip144
\mdfframetitleboxwidth=\skip145
\mdfframetitleboxtotalwidth=\skip146
\mdfframetitleboxheight=\skip147
\mdfframetitleboxdepth=\skip148
\mdfframetitleboxtotalheight=\skip149
\mdffootnoteboxwidth=\skip150
\mdffootnoteboxtotalwidth=\skip151
\mdffootnoteboxheight=\skip152
\mdffootnoteboxdepth=\skip153
\mdffootnoteboxtotalheight=\skip154
\mdftotallinewidth=\skip155
\mdfboundingboxwidth=\skip156
\mdfboundingboxtotalwidth=\skip157
\mdfboundingboxheight=\skip158
\mdfboundingboxdepth=\skip159
\mdfboundingboxtotalheight=\skip160
\mdf@freevspace@length=\skip161
\mdf@horizontalwidthofbox@length=\skip162
\mdf@verticalmarginwhole@length=\skip163
\mdf@horizontalspaceofbox=\skip164
\mdfsubtitleheight=\skip165
\mdfsubsubtitleheight=\skip166
\c@mdfcountframes=\count377

****** mdframed patching \endmdf@trivlist

****** -- success******

\mdf@envdepth=\count378
\c@mdf@env@i=\count379
\c@mdf@env@ii=\count380
\c@mdf@zref@counter=\count381
Package zref Info: New property: mdf@pagevalue on input line 895.
) (C:\Users\Marco\AppData\Local\Programs\MiKTeX\tex/latex/booktabs\booktabs.sty
Package: booktabs 2020/01/12 v1.61803398 Publication quality tables
\heavyrulewidth=\dimen327
\lightrulewidth=\dimen328
\cmidrulewidth=\dimen329
\belowrulesep=\dimen330
\belowbottomsep=\dimen331
\aboverulesep=\dimen332
\abovetopsep=\dimen333
\cmidrulesep=\dimen334
\cmidrulekern=\dimen335
\defaultaddspace=\dimen336
\@cmidla=\count382
\@cmidlb=\count383
\@aboverulesep=\dimen337
\@belowrulesep=\dimen338
\@thisruleclass=\count384
\@lastruleclass=\count385
\@thisrulewidth=\dimen339
) (C:\Users\Marco\AppData\Local\Programs\MiKTeX\tex/latex/siunitx\siunitx.sty
Package: siunitx 2026-03-26 v3.5.1 A comprehensive (SI) units package
\l__siunitx_number_uncert_offset_int=\count386
\l__siunitx_number_exponent_fixed_int=\count387
\l__siunitx_number_min_decimal_int=\count388
\l__siunitx_number_min_integer_int=\count389
\l__siunitx_number_round_precision_int=\count390
\l__siunitx_number_lower_threshold_int=\count391
\l__siunitx_number_upper_threshold_int=\count392
\l__siunitx_number_group_first_int=\count393
\l__siunitx_number_group_size_int=\count394
\l__siunitx_number_group_min_int=\count395
\l__siunitx_number_group_minimum_int=\count396
\l__siunitx_compound_count_int=\count397
 (C:\Users\Marco\AppData\Local\Programs\MiKTeX\tex/latex/translations\translations.sty
Package: translations 2022/02/05 v1.12 internationalization of LaTeX2e packages (CN)
)
\l__siunitx_table_tmp_box=\box123
\l__siunitx_table_tmp_dim=\dimen340
\l__siunitx_table_column_width_dim=\dimen341
\l__siunitx_table_integer_box=\box124
\l__siunitx_table_decimal_box=\box125
\l__siunitx_table_uncert_box=\box126
\l__siunitx_table_before_box=\box127
\l__siunitx_table_after_box=\box128
\l__siunitx_table_before_dim=\dimen342
\l__siunitx_table_carry_dim=\dimen343
\l__siunitx_unit_tmp_int=\count398
\l__siunitx_unit_position_int=\count399
\l__siunitx_unit_total_int=\count400
\l__siunitx_sexagesimal_tmp_dim=\dimen344
\l__siunitx_sexagesimal_marker_box=\box129
\l__siunitx_sexagesimal_unit_box=\box130
) (C:\Users\Marco\AppData\Local\Programs\MiKTeX\tex/latex/adjustbox\adjustbox.sty
Package: adjustbox 2025/02/26 v1.3c Adjusting TeX boxes (trim, clip, ...)
 (C:\Users\Marco\AppData\Local\Programs\MiKTeX\tex/latex/adjustbox\adjcalc.sty
Package: adjcalc 2012/05/16 v1.1 Provides advanced setlength with multiple back-ends (calc, etex, pgfmath)
) (C:\Users\Marco\AppData\Local\Programs\MiKTeX\tex/latex/adjustbox\trimclip.sty
Package: trimclip 2025/02/21 v1.2a Trim and clip general TeX material
 (C:\Users\Marco\AppData\Local\Programs\MiKTeX\tex/latex/collectbox\collectbox.sty
Package: collectbox 2022/10/17 v0.4c Collect macro arguments as boxes
\collectedbox=\box131
)
\tc@llx=\dimen345
\tc@lly=\dimen346
\tc@urx=\dimen347
\tc@ury=\dimen348
Package trimclip Info: Using driver 'tc-pdftex.def'.
 (C:\Users\Marco\AppData\Local\Programs\MiKTeX\tex/latex/adjustbox\tc-pdftex.def
File: tc-pdftex.def 2025/02/26 v2.3 Clipping driver for pdftex
))
\adjbox@Width=\dimen349
\adjbox@Height=\dimen350
\adjbox@Depth=\dimen351
\adjbox@Totalheight=\dimen352
\adjbox@pwidth=\dimen353
\adjbox@pheight=\dimen354
\adjbox@pdepth=\dimen355
\adjbox@ptotalheight=\dimen356
 (C:\Users\Marco\AppData\Local\Programs\MiKTeX\tex/latex/ifoddpage\ifoddpage.sty
Package: ifoddpage 2022/10/18 v1.2 Conditionals for odd/even page detection
\c@checkoddpage=\count401
) (C:\Users\Marco\AppData\Local\Programs\MiKTeX\tex/latex/varwidth\varwidth.sty
Package: varwidth 2009/03/30 ver 0.92;  Variable-width minipages
\@vwid@box=\box132
\sift@deathcycles=\count402
\@vwid@loff=\dimen357
\@vwid@roff=\dimen358
)
==> First Aid for varwidth.sty applied!
) (C:\Users\Marco\AppData\Local\Programs\MiKTeX\tex/latex/float\float.sty
Package: float 2001/11/08 v1.3d Float enhancements (AL)
\c@float@type=\count403
\float@exts=\toks66
\float@box=\box133
\@float@everytoks=\toks67
\@floatcapt=\box134
) (C:\Users\Marco\AppData\Local\Programs\MiKTeX\tex/latex/enumitem\enumitem.sty
Package: enumitem 2025/02/06 v3.11 Customized lists
\labelindent=\skip167
\enit@outerparindent=\dimen359
\enit@toks=\toks68
\enit@inbox=\box135
\enit@count@id=\count404
\enitdp@description=\count405
) (C:\Users\Marco\AppData\Local\Programs\MiKTeX\tex/latex/tcolorbox\tcolorbox.sty
Package: tcolorbox 2025/11/28 version 6.9.0 text color boxes
 (C:\Users\Marco\AppData\Local\Programs\MiKTeX\tex/latex/tools\verbatim.sty
Package: verbatim 2024-01-22 v1.5x LaTeX2e package for verbatim enhancements
\every@verbatim=\toks69
\verbatim@line=\toks70
\verbatim@in@stream=\read4
) (C:\Users\Marco\AppData\Local\Programs\MiKTeX\tex/latex/environ\environ.sty
Package: environ 2014/05/04 v0.3 A new way to define environments
 (C:\Users\Marco\AppData\Local\Programs\MiKTeX\tex/latex/trimspaces\trimspaces.sty
Package: trimspaces 2009/09/17 v1.1 Trim spaces around a token list
))
\tcb@titlebox=\box136
\tcb@upperbox=\box137
\tcb@lowerbox=\box138
\tcb@phantombox=\box139
\c@tcbbreakpart=\count406
\c@tcblayer=\count407
\c@tcolorbox@number=\count408
\l__tcobox_tmpa_box=\box140
\l__tcobox_tmpa_dim=\dimen360
\tcb@temp=\box141
\tcb@temp=\box142
\tcb@temp=\box143
\tcb@temp=\box144
) (C:\Users\Marco\AppData\Local\Programs\MiKTeX\tex/latex/tcolorbox\tcbskins.code.tex
Library (tcolorbox): 'tcbskins.code.tex' version '6.9.0'
(C:\Users\Marco\AppData\Local\Programs\MiKTeX\tex/latex/tikzfill\tikzfill.image.sty
Package: tikzfill.image 2026/03/26 v1.1.0 Image filling library for TikZ
 (C:\Users\Marco\AppData\Local\Programs\MiKTeX\tex/latex/tikzfill\tikzlibraryfill.image.code.tex
File: tikzlibraryfill.image.code.tex 2026/03/26 v1.1.0 Image filling library
\l__tikzfill_tmpa_dim=\dimen361
\l__tikzfill_tmpb_dim=\dimen362
\l__tikzfill_img_box=\box145
)) (C:\Users\Marco\AppData\Local\Programs\MiKTeX\tex/latex/tcolorbox\tcbskinsjigsaw.code.tex
Library (tcolorbox): 'tcbskinsjigsaw.code.tex' version '6.9.0'
)) (C:\Users\Marco\AppData\Local\Programs\MiKTeX\tex/latex/tcolorbox\tcbbreakable.code.tex
Library (tcolorbox): 'tcbbreakable.code.tex' version '6.9.0'
(C:\Users\Marco\AppData\Local\Programs\MiKTeX\tex/latex/pdfcol\pdfcol.sty
Package: pdfcol 2022-09-21 v1.7 Handle new color stacks for pdfTeX (HO)
)
Package pdfcol Info: New color stack `tcb@breakable' = 1 on input line 23.
\tcb@testbox=\box146
\tcb@totalupperbox=\box147
\tcb@totallowerbox=\box148
)
\c@remark=\count409
\c@proposition=\count410
\c@lemma=\count411
\c@prop=\count412
\c@corollary=\count413
\c@proof=\count414
\c@example=\count415
\tindent=\skip168
 (C:\Users\Marco\AppData\Local\Programs\MiKTeX\tex/latex/fancyvrb\fancyvrb.sty
Package: fancyvrb 2025/07/28 4.6 verbatim text (tvz,hv)
\FV@CodeLineNo=\count416
\FV@InFile=\read5
\FV@TabBox=\box149
\c@FancyVerbLine=\count417
\FV@StepNumber=\count418
\FV@OutFile=\write5
) (C:\Users\Marco\AppData\Local\Programs\MiKTeX\tex/latex/tikz-cd\tikz-cd.sty
Package: tikz-cd 2021/05/04 v1.0 Commutative diagrams with TikZ
 (C:\Users\Marco\AppData\Local\Programs\MiKTeX\tex/latex/tikz-cd\tikzlibrarycd.code.tex (C:\Users\Marco\AppData\Local\Programs\MiKTeX\tex/generic/pgf/frontendlayer/tikz/libraries\tikzlibrarymatrix.code.tex
File: tikzlibrarymatrix.code.tex 2025-08-29 v3.1.11a (3.1.11a)
) (C:\Users\Marco\AppData\Local\Programs\MiKTeX\tex/generic/pgf/frontendlayer/tikz/libraries\tikzlibraryquotes.code.tex
File: tikzlibraryquotes.code.tex 2025-08-29 v3.1.11a (3.1.11a)
) (C:\Users\Marco\AppData\Local\Programs\MiKTeX\tex/generic/pgf/libraries\pgflibraryarrows.meta.code.tex
File: pgflibraryarrows.meta.code.tex 2025-08-29 v3.1.11a (3.1.11a)
\pgfarrowinset=\dimen363
\pgfarrowlength=\dimen364
\pgfarrowwidth=\dimen365
\pgfarrowlinewidth=\dimen366
))) (C:\Users\Marco\AppData\Local\Programs\MiKTeX\tex/latex/jknappen\mathrsfs.sty
Package: mathrsfs 1996/01/01 Math RSFS package v1.0 (jk)
\symrsfs=\mathgroup7
) (C:\Users\Marco\AppData\Local\Programs\MiKTeX\tex/latex/tkz-graph\tkz-graph.sty
2021/01/20 v 2.00 tkz-graph.sty
Package: tkz-graph 2021/01/20 2.00 base for graphs
(C:\Users\Marco\AppData\Local\Programs\MiKTeX\tex/generic/pgf/frontendlayer/tikz/libraries\tikzlibraryarrows.code.tex
File: tikzlibraryarrows.code.tex 2025-08-29 v3.1.11a (3.1.11a)
 (C:\Users\Marco\AppData\Local\Programs\MiKTeX\tex/generic/pgf/libraries\pgflibraryarrows.code.tex
File: pgflibraryarrows.code.tex 2025-08-29 v3.1.11a (3.1.11a)
\arrowsize=\dimen367
))
\c@tkz@gr@a=\count419
\c@tkz@gr@b=\count420
\c@tkz@gr@c=\count421
\c@tkz@gr@e=\count422
\c@tkz@gr@d=\count423
\c@tkz@gr@p=\count424
\c@tkz@gr@i=\count425
\c@tkz@gr@n=\count426
\c@tkz@gr@ta=\count427
\c@tkz@gr@tb=\count428
) (C:\Users\Marco\AppData\Local\Programs\MiKTeX\tex/latex/acronym\acronym.sty
Package: acronym 2025/01/17 v1.50 Support for acronyms (Tobias Oetiker)
 (C:\Users\Marco\AppData\Local\Programs\MiKTeX\tex/latex/bigfoot\suffix.sty
Package: suffix 2006/07/15 1.5a Variant command support
)
\AC@clearlist=\toks71
) (C:\Users\Marco\AppData\Local\Programs\MiKTeX\tex/latex/algorithm2e\algorithm2e.sty
Package: algorithm2e 2017/07/18 v5.2 algorithms environments
\c@AlgoLine=\count429
\algocf@hangindent=\skip169
 (C:\Users\Marco\AppData\Local\Programs\MiKTeX\tex/latex/tools\xspace.sty
Package: xspace 2014/10/28 v1.13 Space after command names (DPC,MH)
) (C:\Users\Marco\AppData\Local\Programs\MiKTeX\tex/latex/relsize\relsize.sty
Package: relsize 2013/03/29 ver 4.1
)
\skiptotal=\skip170
\skiplinenumber=\skip171
\skiprule=\skip172
\skiphlne=\skip173
\skiptext=\skip174
\skiplength=\skip175
\algomargin=\skip176
\skipalgocfslide=\skip177
\algowidth=\dimen368
\inoutsize=\dimen369
\inoutindent=\dimen370
\interspacetitleruled=\dimen371
\interspacealgoruled=\dimen372
\interspacetitleboxruled=\dimen373
\algocf@ruledwidth=\skip178
\algocf@inoutbox=\box150
\algocf@inputbox=\box151
\AlCapSkip=\skip179
\AlCapHSkip=\skip180
\algoskipindent=\skip181
\algocf@nlbox=\box152
\algocf@hangingbox=\box153
\algocf@untilbox=\box154
\algocf@skipuntil=\skip182
\algocf@capbox=\box155
\algocf@lcaptionbox=\skip183
\algoheightruledefault=\skip184
\algoheightrule=\skip185
\algotitleheightruledefault=\skip186
\algotitleheightrule=\skip187
\c@algocfline=\count430
\c@algocfproc=\count431
\c@algocf=\count432
\algocf@algoframe=\box156
\algocf@algobox=\box157
) (C:\Users\Marco\AppData\Local\Programs\MiKTeX\tex/latex/biblatex\biblatex.sty
Package: biblatex 2025/07/10 v3.21 programmable bibliographies (PK/MW)
 (C:\Users\Marco\AppData\Local\Programs\MiKTeX\tex/latex/logreq\logreq.sty
Package: logreq 2010/08/04 v1.0 xml request logger
\lrq@indent=\count433
 (C:\Users\Marco\AppData\Local\Programs\MiKTeX\tex/latex/logreq\logreq.def
File: logreq.def 2010/08/04 v1.0 logreq spec v1.0
))
\c@tabx@nest=\count434
\c@listtotal=\count435
\c@listcount=\count436
\c@liststart=\count437
\c@liststop=\count438
\c@citecount=\count439
\c@citetotal=\count440
\c@multicitecount=\count441
\c@multicitetotal=\count442
\c@instcount=\count443
\c@maxnames=\count444
\c@minnames=\count445
\c@maxitems=\count446
\c@minitems=\count447
\c@citecounter=\count448
\c@maxcitecounter=\count449
\c@savedcitecounter=\count450
\c@uniquelist=\count451
\c@uniquename=\count452
\c@refsection=\count453
\c@refsegment=\count454
\c@maxextratitle=\count455
\c@maxextratitleyear=\count456
\c@maxextraname=\count457
\c@maxextradate=\count458
\c@maxextraalpha=\count459
\c@abbrvpenalty=\count460
\c@highnamepenalty=\count461
\c@lownamepenalty=\count462
\c@maxparens=\count463
\c@parenlevel=\count464
\blx@tempcnta=\count465
\blx@tempcntb=\count466
\blx@tempcntc=\count467
\c@blx@maxsection=\count468
\blx@maxsegment@0=\count469
\blx@notetype=\count470
\blx@parenlevel@text=\count471
\blx@parenlevel@foot=\count472
\blx@sectionciteorder@0=\count473
\blx@sectionciteorderinternal@0=\count474
\blx@entrysetcounter=\count475
\blx@biblioinstance=\count476
\labelnumberwidth=\skip188
\labelalphawidth=\skip189
\biblabelsep=\skip190
\bibitemsep=\skip191
\bibnamesep=\skip192
\bibinitsep=\skip193
\bibparsep=\skip194
\bibhang=\skip195
\blx@bcfin=\read6
\blx@bcfout=\write6
\blx@langwohyphens=\language80
\c@mincomprange=\count477
\c@maxcomprange=\count478
\c@mincompwidth=\count479
Package biblatex Info: Trying to load biblatex default data model...
Package biblatex Info: ... file 'blx-dm.def' found.
 (C:\Users\Marco\AppData\Local\Programs\MiKTeX\tex/latex/biblatex\blx-dm.def
File: blx-dm.def 2025/07/10 v3.21 biblatex datamodel (PK/MW)
)
Package biblatex Info: Trying to load biblatex custom data model...
Package biblatex Info: ... file 'biblatex-dm.cfg' not found.
\c@afterword=\count480
\c@savedafterword=\count481
\c@annotator=\count482
\c@savedannotator=\count483
\c@author=\count484
\c@savedauthor=\count485
\c@bookauthor=\count486
\c@savedbookauthor=\count487
\c@commentator=\count488
\c@savedcommentator=\count489
\c@editor=\count490
\c@savededitor=\count491
\c@editora=\count492
\c@savededitora=\count493
\c@editorb=\count494
\c@savededitorb=\count495
\c@editorc=\count496
\c@savededitorc=\count497
\c@foreword=\count498
\c@savedforeword=\count499
\c@holder=\count500
\c@savedholder=\count501
\c@introduction=\count502
\c@savedintroduction=\count503
\c@namea=\count504
\c@savednamea=\count505
\c@nameb=\count506
\c@savednameb=\count507
\c@namec=\count508
\c@savednamec=\count509
\c@translator=\count510
\c@savedtranslator=\count511
\c@shortauthor=\count512
\c@savedshortauthor=\count513
\c@shorteditor=\count514
\c@savedshorteditor=\count515
\c@labelname=\count516
\c@savedlabelname=\count517
\c@institution=\count518
\c@savedinstitution=\count519
\c@lista=\count520
\c@savedlista=\count521
\c@listb=\count522
\c@savedlistb=\count523
\c@listc=\count524
\c@savedlistc=\count525
\c@listd=\count526
\c@savedlistd=\count527
\c@liste=\count528
\c@savedliste=\count529
\c@listf=\count530
\c@savedlistf=\count531
\c@location=\count532
\c@savedlocation=\count533
\c@organization=\count534
\c@savedorganization=\count535
\c@origlocation=\count536
\c@savedoriglocation=\count537
\c@origpublisher=\count538
\c@savedorigpublisher=\count539
\c@publisher=\count540
\c@savedpublisher=\count541
\c@language=\count542
\c@savedlanguage=\count543
\c@origlanguage=\count544
\c@savedoriglanguage=\count545
\c@pageref=\count546
\c@savedpageref=\count547
\shorthandwidth=\skip196
\shortjournalwidth=\skip197
\shortserieswidth=\skip198
\shorttitlewidth=\skip199
\shortauthorwidth=\skip256
\shorteditorwidth=\skip257
\locallabelnumberwidth=\skip258
\locallabelalphawidth=\skip259
\localshorthandwidth=\skip260
\localshortjournalwidth=\skip261
\localshortserieswidth=\skip262
\localshorttitlewidth=\skip263
\localshortauthorwidth=\skip264
\localshorteditorwidth=\skip265
Package biblatex Info: Trying to load compatibility code...
Package biblatex Info: ... file 'blx-compat.def' found.
 (C:\Users\Marco\AppData\Local\Programs\MiKTeX\tex/latex/biblatex\blx-compat.def
File: blx-compat.def 2025/07/10 v3.21 biblatex compatibility (PK/MW)
)
Package biblatex Info: Trying to load generic definitions...
Package biblatex Info: ... file 'biblatex.def' found.
 (C:\Users\Marco\AppData\Local\Programs\MiKTeX\tex/latex/biblatex\biblatex.def
File: biblatex.def 2025/07/10 v3.21 biblatex compatibility (PK/MW)
\c@textcitecount=\count548
\c@textcitetotal=\count549
\c@textcitemaxnames=\count550
\c@biburlbigbreakpenalty=\count551
\c@biburlbreakpenalty=\count552
\c@biburlnumpenalty=\count553
\c@biburlucpenalty=\count554
\c@biburllcpenalty=\count555
\biburlbigskip=\muskip19
\biburlnumskip=\muskip20
\biburlucskip=\muskip21
\biburllcskip=\muskip22
\c@smartand=\count556
)
Package biblatex Info: Trying to load bibliography style 'numeric'...
Package biblatex Info: ... file 'numeric.bbx' found.
 (C:\Users\Marco\AppData\Local\Programs\MiKTeX\tex/latex/biblatex/bbx\numeric.bbx
File: numeric.bbx 2025/07/10 v3.21 biblatex bibliography style (PK/MW)
Package biblatex Info: Trying to load bibliography style 'standard'...
Package biblatex Info: ... file 'standard.bbx' found.
 (C:\Users\Marco\AppData\Local\Programs\MiKTeX\tex/latex/biblatex/bbx\standard.bbx
File: standard.bbx 2025/07/10 v3.21 biblatex bibliography style (PK/MW)
\c@bbx:relatedcount=\count557
\c@bbx:relatedtotal=\count558
))
Package biblatex Info: Trying to load citation style 'numeric'...
Package biblatex Info: ... file 'numeric.cbx' found.
 (C:\Users\Marco\AppData\Local\Programs\MiKTeX\tex/latex/biblatex/cbx\numeric.cbx
File: numeric.cbx 2025/07/10 v3.21 biblatex citation style (PK/MW)
Package biblatex Info: Redefining '\cite'.
Package biblatex Info: Redefining '\parencite'.
Package biblatex Info: Redefining '\footcite'.
Package biblatex Info: Redefining '\footcitetext'.
Package biblatex Info: Redefining '\smartcite'.
Package biblatex Info: Redefining '\supercite'.
Package biblatex Info: Redefining '\textcite'.
Package biblatex Info: Redefining '\textcites'.
Package biblatex Info: Redefining '\cites'.
Package biblatex Info: Redefining '\parencites'.
Package biblatex Info: Redefining '\smartcites'.
)
Package biblatex Info: Trying to load configuration file...
Package biblatex Info: ... file 'biblatex.cfg' found.
 (C:\Users\Marco\AppData\Local\Programs\MiKTeX\tex/latex/biblatex\biblatex.cfg
File: biblatex.cfg 
)
Package biblatex Info: Input encoding 'utf8' detected.
Package biblatex Info: Document encoding is UTF8 ....
Package biblatex Info: ... and expl3
(biblatex)             2026-01-19 L3 programming layer (loader) 
(biblatex)             is new enough (at least 2020/04/06),
(biblatex)             setting 'casechanger=expl3'.
 (C:\Users\Marco\AppData\Local\Programs\MiKTeX\tex/latex/biblatex\blx-case-expl3.sty
Package: blx-case-expl3 2025/07/10 v3.21 expl3 case changing code for biblatex
)))
Package csquotes Info: Checking for multilingual support...
Package csquotes Info: ... found 'babel' package.
Package csquotes Info: Adjusting default style.
Package csquotes Info: Redefining alias 'default' -> 'english'.
 (report.aux)
\openout1 = `report.aux'.

LaTeX Font Info:    Checking defaults for OML/cmm/m/it on input line 10.
LaTeX Font Info:    ... okay on input line 10.
LaTeX Font Info:    Checking defaults for OMS/cmsy/m/n on input line 10.
LaTeX Font Info:    ... okay on input line 10.
LaTeX Font Info:    Checking defaults for OT1/cmr/m/n on input line 10.
LaTeX Font Info:    ... okay on input line 10.
LaTeX Font Info:    Checking defaults for T1/cmr/m/n on input line 10.
LaTeX Font Info:    ... okay on input line 10.
LaTeX Font Info:    Checking defaults for TS1/cmr/m/n on input line 10.
LaTeX Font Info:    ... okay on input line 10.
LaTeX Font Info:    Checking defaults for OMX/cmex/m/n on input line 10.
LaTeX Font Info:    ... okay on input line 10.
LaTeX Font Info:    Checking defaults for U/cmr/m/n on input line 10.
LaTeX Font Info:    ... okay on input line 10.
LaTeX Font Info:    Checking defaults for PD1/pdf/m/n on input line 10.
LaTeX Font Info:    ... okay on input line 10.
LaTeX Font Info:    Checking defaults for PU/pdf/m/n on input line 10.
LaTeX Font Info:    ... okay on input line 10.

*geometry* driver: auto-detecting
*geometry* detected driver: pdftex
*geometry* verbose mode - [ preamble ] result:
* driver: pdftex
* paper: a4paper
* layout: <same size as paper>
* layoutoffset:(h,v)=(0.0pt,0.0pt)
* modes: 
* h-part:(L,W,R)=(99.58464pt, 398.3386pt, 99.58464pt)
* v-part:(T,H,B)=(85.35826pt, 674.33032pt, 85.35826pt)
* \paperwidth=597.50787pt
* \paperheight=845.04684pt
* \textwidth=398.3386pt
* \textheight=674.33032pt
* \oddsidemargin=27.31465pt
* \evensidemargin=27.31465pt
* \topmargin=-23.91173pt
* \headheight=42.67912pt
* \headsep=25.0pt
* \topskip=10.0pt
* \footskip=30.0pt
* \marginparwidth=57.0pt
* \marginparsep=11.0pt
* \columnsep=28.45274pt
* \skip\footins=9.0pt plus 4.0pt minus 2.0pt
* \hoffset=0.0pt
* \voffset=0.0pt
* \mag=1000
* \@twocolumnfalse
* \@twosidefalse
* \@mparswitchfalse
* \@reversemarginfalse
* (1in=72.27pt=25.4mm, 1cm=28.453pt)

(C:\Users\Marco\AppData\Local\Programs\MiKTeX\tex/context/base/mkii\supp-pdf.mkii
[Loading MPS to PDF converter (version 2006.09.02).]
\scratchcounter=\count559
\scratchdimen=\dimen374
\scratchbox=\box158
\nofMPsegments=\count560
\nofMParguments=\count561
\everyMPshowfont=\toks72
\MPscratchCnt=\count562
\MPscratchDim=\dimen375
\MPnumerator=\count563
\makeMPintoPDFobject=\count564
\everyMPtoPDFconversion=\toks73
) (C:\Users\Marco\AppData\Local\Programs\MiKTeX\tex/latex/epstopdf-pkg\epstopdf-base.sty
Package: epstopdf-base 2020-01-24 v2.11 Base part for package epstopdf
Package epstopdf-base Info: Redefining graphics rule for `.eps' on input line 485.
 (C:\Users\Marco\AppData\Local\Programs\MiKTeX\tex/latex/00miktex\epstopdf-sys.cfg
File: epstopdf-sys.cfg 2021/03/18 v2.0 Configuration of epstopdf for MiKTeX
))
Package caption Info: Begin \AtBeginDocument code.
Package caption Info: float package is loaded.
Package caption Info: hyperref package is loaded.
Package caption Info: listings package is loaded.
Package caption Info: End \AtBeginDocument code.
Package hyperref Info: Link coloring OFF on input line 10.
 (report.out) (report.out)
\@outlinefile=\write7
\openout7 = `report.out'.

\c@lstlisting=\count565


Package siunitx Warning: Tabular column type "S" overwritten with siunitx
(siunitx)                definition.

(C:\Users\Marco\AppData\Local\Programs\MiKTeX\tex/latex/translations/dicts\translations-basic-dictionary-english.trsl
File: translations-basic-dictionary-english.trsl (english translation file `translations-basic-dictionary')
)
Package translations Info: loading dictionary `translations-basic-dictionary' for `english'. on input line 10.
Package biblatex Info: Trying to load language 'english'...
Package biblatex Info: ... file 'english.lbx' found.
 (C:\Users\Marco\AppData\Local\Programs\MiKTeX\tex/latex/biblatex/lbx\english.lbx
File: english.lbx 2025/07/10 v3.21 biblatex localization (PK/MW)
)
Package biblatex Info: Input encoding 'utf8' detected.
Package biblatex Info: Automatic encoding selection.
(biblatex)             Assuming data encoding 'utf8'.
\openout6 = `report.bcf'.

Package biblatex Info: Trying to load bibliographic data...
Package biblatex Info: ... file 'report.bbl' found.
 (report.bbl)
Package biblatex Info: Reference section=0 on input line 10.
Package biblatex Info: Reference segment=0 on input line 10.
 (titlepage_report.tex
LaTeX Font Info:    Trying to load font information for OT1+lmr on input line 10.
 (C:\Users\Marco\AppData\Local\Programs\MiKTeX\tex/latex/lm\ot1lmr.fd
File: ot1lmr.fd 2015/05/01 v1.6.1 Font defs for Latin Modern
)
LaTeX Font Info:    Trying to load font information for OML+lmm on input line 10.
 (C:\Users\Marco\AppData\Local\Programs\MiKTeX\tex/latex/lm\omllmm.fd
File: omllmm.fd 2015/05/01 v1.6.1 Font defs for Latin Modern
)
LaTeX Font Info:    Trying to load font information for OMS+lmsy on input line 10.
 (C:\Users\Marco\AppData\Local\Programs\MiKTeX\tex/latex/lm\omslmsy.fd
File: omslmsy.fd 2015/05/01 v1.6.1 Font defs for Latin Modern
)
LaTeX Font Info:    Trying to load font information for OMX+lmex on input line 10.
 (C:\Users\Marco\AppData\Local\Programs\MiKTeX\tex/latex/lm\omxlmex.fd
File: omxlmex.fd 2015/05/01 v1.6.1 Font defs for Latin Modern
)
LaTeX Font Info:    External font `lmex10' loaded for size
(Font)              <10> on input line 10.
LaTeX Font Info:    External font `lmex10' loaded for size
(Font)              <7> on input line 10.
LaTeX Font Info:    External font `lmex10' loaded for size
(Font)              <5> on input line 10.
LaTeX Font Info:    Trying to load font information for U+stmry on input line 10.
 (C:\Users\Marco\AppData\Local\Programs\MiKTeX\tex/latex/stmaryrd\ustmry.fd)
LaTeX Font Info:    Trying to load font information for U+rsfs on input line 10.
 (C:\Users\Marco\AppData\Local\Programs\MiKTeX\tex/latex/jknappen\ursfs.fd
File: ursfs.fd 1998/03/24 rsfs font definition file (jk)
)
<./images/logo_UT.png, id=86, 1563.8425pt x 501.875pt>
File: ./images/logo_UT.png Graphic file (type png)
<use ./images/logo_UT.png>
Package pdftex.def Info: ./images/logo_UT.png  used on input line 11.
(pdftex.def)             Requested size: 221.63289pt x 71.13188pt.
<./images/logo_irit.png, id=87, 289.08pt x 175.65625pt>
File: ./images/logo_irit.png Graphic file (type png)
<use ./images/logo_irit.png>
Package pdftex.def Info: ./images/logo_irit.png  used on input line 12.
(pdftex.def)             Requested size: 140.4771pt x 85.35826pt.

Overfull \hbox (20.6769pt too wide) in paragraph at lines 10--14
 [] 
 []

[1

{C:/Users/Marco/AppData/Local/MiKTeX/fonts/map/pdftex/pdftex.map}{C:/Users/Marco/AppData/Local/Programs/MiKTeX/fonts/enc/dvips/lm/lm-ec.enc} <./images/logo_UT.png (PNG copy)> <./images/logo_irit.png>])
pdfTeX warning (ext4): destination with the same identifier (name{page.1}) has been already used, duplicate ignored
<to be read again> 
                   \relax 
l.39 \clearpage
                [1

] (report.toc)
\tf@toc=\write8
\openout8 = `report.toc'.

File: ./images/logo_UT.png Graphic file (type png)
<use ./images/logo_UT.png>
Package pdftex.def Info: ./images/logo_UT.png  used on input line 43.
(pdftex.def)             Requested size: 56.9055pt x 18.25664pt.
 [2

{C:/Users/Marco/AppData/Local/Programs/MiKTeX/fonts/enc/dvips/lm/lm-mathit.enc}] (report.lof
Package acronym Info: Label `acro:BnB' newly defined as it shall be overridden
although it is yet undefined on input line 2.
Package acronym Info: Label `acro:KPCG' newly defined as it shall be overridden
although it is yet undefined on input line 6.
)
\tf@lof=\write9
\openout9 = `report.lof'.

File: ./images/logo_UT.png Graphic file (type png)
<use ./images/logo_UT.png>
Package pdftex.def Info: ./images/logo_UT.png  used on input line 51.
(pdftex.def)             Requested size: 56.9055pt x 18.25664pt.
 [3

{C:/Users/Marco/AppData/Local/Programs/MiKTeX/fonts/enc/dvips/lm/lm-rm.enc}]
File: ./images/logo_UT.png Graphic file (type png)
<use ./images/logo_UT.png>
Package pdftex.def Info: ./images/logo_UT.png  used on input line 91.
(pdftex.def)             Requested size: 56.9055pt x 18.25664pt.
 [4

]
Package acronym Info: Label `acro:CSP' newly defined as it shall be overridden
although it is yet undefined on input line 94.

Underfull \hbox (badness 10000) in paragraph at lines 94--97

 []

Package acronym Info: Label `acro:VCSP' newly defined as it shall be overridden
although it is yet undefined on input line 98.
Package acronym Info: Label `acro:WCSP' newly defined as it shall be overridden
although it is yet undefined on input line 98.
Package acronym Info: Label `acro:CFNs' newly defined as it shall be overridden
although it is yet undefined on input line 99.

Underfull \hbox (badness 10000) in paragraph at lines 98--101

 []

<images/bnb.png, id=287, 453.19313pt x 167.62625pt>
File: images/bnb.png Graphic file (type png)
<use images/bnb.png>
Package pdftex.def Info: images/bnb.png  used on input line 105.
(pdftex.def)             Requested size: 284.52756pt x 105.23932pt.

LaTeX Warning: Citation 'mobile_robot_localisation_mapping_extensive_outdoor_environments' on page 5 undefined on input line 106.


LaTeX Warning: Citation 'mobile_robot_localisation_mapping_extensive_outdoor_environments' on page 5 undefined on input line 106.


Underfull \hbox (badness 10000) in paragraph at lines 106--106
[][]|\T1/lmr/bx/n/10 Ex-am-ple of [][] : Mo-bile Robot Lo-cal-i-sa-
 []


Underfull \hbox (badness 10000) in paragraph at lines 106--106
\T1/lmr/bx/n/10 tion and Map-ping in Ex-ten-sive Out-door En-vi-ron-
 []


Overfull \hbox (49.84369pt too wide) in paragraph at lines 106--106
\T1/lmr/bx/n/10 ments.\T1/lmr/m/n/10 [[]]| 
 []


Underfull \hbox (badness 10000) in paragraph at lines 109--112

 []

Package acronym Info: Label `acro:EPTs' newly defined as it shall be overridden
although it is yet undefined on input line 113.
<images/ept.jpg, id=293, 1284.8pt x 391.4625pt>
File: images/ept.jpg Graphic file (type jpg)
<use images/ept.jpg>
Package pdftex.def Info: images/ept.jpg  used on input line 116.
(pdftex.def)             Requested size: 341.43306pt x 104.02975pt.

LaTeX Warning: Citation 'npariscril_ept_2012' on page 5 undefined on input line 117.


LaTeX Warning: Citation 'npariscril_ept_2012' on page 5 undefined on input line 117.

File: ./images/logo_UT.png Graphic file (type png)
<use ./images/logo_UT.png>
Package pdftex.def Info: ./images/logo_UT.png  used on input line 119.
(pdftex.def)             Requested size: 56.9055pt x 18.25664pt.
[5

{C:/Users/Marco/AppData/Local/Programs/MiKTeX/fonts/enc/dvips/lm/lm-mathsy.enc} <./images/bnb.png>]
Underfull \hbox (badness 10000) in paragraph at lines 120--122

 []

Package acronym Info: Label `acro:SAC' newly defined as it shall be overridden
although it is yet undefined on input line 123.
Package acronym Info: Label `acro:FDAC' newly defined as it shall be overridden
although it is yet undefined on input line 123.
Package acronym Info: Label `acro:EDAC' newly defined as it shall be overridden
although it is yet undefined on input line 123.
Package acronym Info: Label `acro:VAC' newly defined as it shall be overridden
although it is yet undefined on input line 123.
Package acronym Info: Label `acro:OSAC' newly defined as it shall be overridden
although it is yet undefined on input line 123.

Underfull \hbox (badness 10000) in paragraph at lines 123--125

 []

File: ./images/logo_UT.png Graphic file (type png)
<use ./images/logo_UT.png>
Package pdftex.def Info: ./images/logo_UT.png  used on input line 131.
(pdftex.def)             Requested size: 56.9055pt x 18.25664pt.
[6 <./images/ept.jpg>]
Package acronym Info: Label `acro:ZP' newly defined as it shall be overridden
although it is yet undefined on input line 137.


LaTeX Warning: Citation 'amel_constraint_2014' on page 7 undefined on input line 138.


Overfull \hbox (64.66788pt too wide) in paragraph at lines 137--139
\T1/lmr/m/n/10 per ti-tled ``A con-straint pro-gram-ming ap-proach to the Zahn's de-ci-sion problem''[[]],
 []

LaTeX Font Info:    Trying to load font information for TS1+lmr on input line 141.
(C:\Users\Marco\AppData\Local\Programs\MiKTeX\tex/latex/lm\ts1lmr.fd
File: ts1lmr.fd 2015/05/01 v1.6.1 Font defs for Latin Modern
)
<images/ZP.png, id=322, 299.61937pt x 179.67125pt>
File: images/ZP.png Graphic file (type png)
<use images/ZP.png>
Package pdftex.def Info: images/ZP.png  used on input line 148.
(pdftex.def)             Requested size: 199.1693pt x 119.436pt.


LaTeX Warning: Citation 'amel_constraint_2014' on page 7 undefined on input line 149.


LaTeX Warning: Citation 'amel_constraint_2014' on page 7 undefined on input line 149.


LaTeX Warning: Citation 'ermon_taming_2013' on page 7 undefined on input line 156.

Package acronym Info: Label `acro:MAP' newly defined as it shall be overridden
although it is yet undefined on input line 156.

Overfull \hbox (48.50455pt too wide) in paragraph at lines 156--158
\T1/lmr/m/n/10 Curse of Di-men-sion-al-ity : Dis-crete In-te-gra-tion by Hash-ing and Optimization``[[]],
 []


Underfull \hbox (badness 10000) in paragraph at lines 156--158

 []

File: ./images/logo_UT.png Graphic file (type png)
<use ./images/logo_UT.png>
Package pdftex.def Info: ./images/logo_UT.png  used on input line 161.
(pdftex.def)             Requested size: 56.9055pt x 18.25664pt.
[7

{C:/Users/Marco/AppData/Local/Programs/MiKTeX/fonts/enc/dvips/lm/lm-ts1.enc} <./images/ZP.png>]
Underfull \hbox (badness 10000) in paragraph at lines 179--181

 []


Underfull \hbox (badness 10000) in paragraph at lines 182--184

 []

LaTeX Font Info:    External font `lmex10' loaded for size
(Font)              <12> on input line 186.
LaTeX Font Info:    External font `lmex10' loaded for size
(Font)              <8> on input line 186.
LaTeX Font Info:    External font `lmex10' loaded for size
(Font)              <6> on input line 186.

Package hyperref Warning: Token not allowed in a PDF string (Unicode):
(hyperref)                removing `math shift' on input line 186.


Package hyperref Warning: Token not allowed in a PDF string (Unicode):
(hyperref)                removing `math shift' on input line 186.

<images/nqueens.png, id=333, 181.17688pt x 185.69376pt>
File: images/nqueens.png Graphic file (type png)
<use images/nqueens.png>
Package pdftex.def Info: images/nqueens.png  used on input line 191.
(pdftex.def)             Requested size: 113.81102pt x 116.6505pt.

LaTeX Warning: Citation 'nquennsproblem' on page 8 undefined on input line 192.


LaTeX Warning: Citation 'nquennsproblem' on page 8 undefined on input line 192.


Underfull \hbox (badness 1946) in paragraph at lines 192--192
[][]|\T1/lmr/bx/n/10 Ex-am-ple of a so-lu-tion for the $\OML/lmm/m/it/10 N$\T1/lmr/bx/n/10 -queen prob-lem with $\OML/lmm/m/it/10 n \OT1/lmr/m/n/10 = 8$
 []


Underfull \hbox (badness 10000) in paragraph at lines 195--197

 []


LaTeX Warning: Citation 'traore_new_2013' on page 8 undefined on input line 198.


Underfull \hbox (badness 10000) in paragraph at lines 198--200

 []

File: ./images/logo_UT.png Graphic file (type png)
<use ./images/logo_UT.png>
Package pdftex.def Info: ./images/logo_UT.png  used on input line 200.
(pdftex.def)             Requested size: 56.9055pt x 18.25664pt.
[8{C:/Users/Marco/AppData/Local/Programs/MiKTeX/fonts/enc/dvips/lm/lm-mathex.enc} <./images/nqueens.png>]
Underfull \hbox (badness 10000) in paragraph at lines 201--203

 []


Underfull \hbox (badness 10000) in paragraph at lines 207--209

 []


Underfull \hbox (badness 10000) in paragraph at lines 210--212

 []


LaTeX Warning: Citation 'montalbano_multiple-choice_2022' on page 9 undefined on input line 213.

Package acronym Info: Label `acro:ILP' newly defined as it shall be overridden
although it is yet undefined on input line 213.

Overfull \hbox (0.88704pt too wide) in paragraph at lines 213--215
[]\T1/lmr/m/n/10 Montalbano et al. (2022)[[]] de-vel-oped a way to model
 []


Underfull \hbox (badness 10000) in paragraph at lines 213--215

 []

<images/resultat_knapsack.png, id=353, 260.975pt x 75.28125pt>
File: images/resultat_knapsack.png Graphic file (type png)
<use images/resultat_knapsack.png>
Package pdftex.def Info: images/resultat_knapsack.png  used on input line 218.
(pdftex.def)             Requested size: 239.00558pt x 68.94482pt.

LaTeX Warning: Citation 'montalbano_multiple-choice_2022' on page 9 undefined on input line 221.


LaTeX Warning: Citation 'montalbano_multiple-choice_2022' on page 9 undefined on input line 221.

File: ./images/logo_UT.png Graphic file (type png)
<use ./images/logo_UT.png>
Package pdftex.def Info: ./images/logo_UT.png  used on input line 228.
(pdftex.def)             Requested size: 56.9055pt x 18.25664pt.
[9 <./images/resultat_knapsack.png>]
Underfull \hbox (badness 10000) in paragraph at lines 231--233

 []


Underfull \hbox (badness 10000) in paragraph at lines 234--236

 []

<images/schema_framework-CPD_partie1.png, id=363, 519.44063pt x 393.72093pt>
File: images/schema_framework-CPD_partie1.png Graphic file (type png)
<use images/schema_framework-CPD_partie1.png>
Package pdftex.def Info: images/schema_framework-CPD_partie1.png  used on input line 255.
(pdftex.def)             Requested size: 239.00558pt x 181.15587pt.

LaTeX Warning: Citation 'traore_new_2013' on page 10 undefined on input line 256.


LaTeX Warning: Citation 'traore_new_2013' on page 10 undefined on input line 256.


Underfull \hbox (badness 10000) in paragraph at lines 259--261

 []

File: ./images/logo_UT.png Graphic file (type png)
<use ./images/logo_UT.png>
Package pdftex.def Info: ./images/logo_UT.png  used on input line 261.
(pdftex.def)             Requested size: 56.9055pt x 18.25664pt.
[10

 <./images/schema_framework-CPD_partie1.png>]
Underfull \hbox (badness 10000) in paragraph at lines 262--265

 []


Underfull \hbox (badness 10000) in paragraph at lines 271--275

 []


Underfull \hbox (badness 10000) in paragraph at lines 282--284

 []

File: ./images/logo_UT.png Graphic file (type png)
<use ./images/logo_UT.png>
Package pdftex.def Info: ./images/logo_UT.png  used on input line 314.
(pdftex.def)             Requested size: 56.9055pt x 18.25664pt.
[11]
<images/schema_soft_rought_landscapee_partie2.png, id=378, 804.75656pt x 225.84375pt>
File: images/schema_soft_rought_landscapee_partie2.png Graphic file (type png)
<use images/schema_soft_rought_landscapee_partie2.png>
Package pdftex.def Info: images/schema_soft_rought_landscapee_partie2.png  used on input line 319.
(pdftex.def)             Requested size: 341.43306pt x 95.81862pt.


LaTeX Warning: Citation 'simoncini_fitness_2018' on page 12 undefined on input line 322.


LaTeX Warning: Citation 'simoncini_fitness_2018' on page 12 undefined on input line 322.


Underfull \hbox (badness 10000) in paragraph at lines 326--328

 []

<images/schema_positive_negativestate_partie3.png, id=379, 192.72pt x 158.09062pt>
File: images/schema_positive_negativestate_partie3.png Graphic file (type png)
<use images/schema_positive_negativestate_partie3.png>
Package pdftex.def Info: images/schema_positive_negativestate_partie3.png  used on input line 355.
(pdftex.def)             Requested size: 239.00558pt x 196.05928pt.

LaTeX Warning: Citation 'dessaux_designing_2024' on page 12 undefined on input line 358.


LaTeX Warning: Citation 'dessaux_designing_2024' on page 12 undefined on input line 358.

File: ./images/logo_UT.png Graphic file (type png)
<use ./images/logo_UT.png>
Package pdftex.def Info: ./images/logo_UT.png  used on input line 360.
(pdftex.def)             Requested size: 56.9055pt x 18.25664pt.
[12 <./images/schema_soft_rought_landscapee_partie2.png>]
<images/schema_bmc_partie3.png, id=386, 389.95688pt x 222.07968pt>
File: images/schema_bmc_partie3.png Graphic file (type png)
<use images/schema_bmc_partie3.png>
Package pdftex.def Info: images/schema_bmc_partie3.png  used on input line 371.
(pdftex.def)             Requested size: 239.00558pt x 136.11224pt.


LaTeX Warning: Citation 'dessaux_designing_2024' on page 13 undefined on input line 372.


LaTeX Warning: Citation 'dessaux_designing_2024' on page 13 undefined on input line 372.


Underfull \hbox (badness 7203) in paragraph at lines 372--372
[][]|\T1/lmr/bx/n/10 BMC-H ho-mo-hex-amer of bac-te-rial mi-cro-com-part-ment (BMC)
 []


Underfull \hbox (badness 10000) in paragraph at lines 389--392

 []


Underfull \hbox (badness 10000) in paragraph at lines 389--392

 []

File: ./images/logo_UT.png Graphic file (type png)
<use ./images/logo_UT.png>
Package pdftex.def Info: ./images/logo_UT.png  used on input line 392.
(pdftex.def)             Requested size: 56.9055pt x 18.25664pt.
[13 <./images/schema_positive_negativestate_partie3.png> <./images/schema_bmc_partie3.png>]
File: ./images/logo_UT.png Graphic file (type png)
<use ./images/logo_UT.png>
Package pdftex.def Info: ./images/logo_UT.png  used on input line 413.
(pdftex.def)             Requested size: 56.9055pt x 18.25664pt.
 [14]
Package acronym Info: Label `acro:MILP' newly defined as it shall be overridden
although it is yet undefined on input line 422.

Underfull \hbox (badness 10000) in paragraph at lines 430--433

 []


LaTeX Warning: Citation 'akplogan_solving_2013' on page 15 undefined on input line 435.


Underfull \hbox (badness 10000) in paragraph at lines 434--437

 []

<images/crop_allocation_explication.png, id=401, 755.82375pt x 421.575pt>
File: images/crop_allocation_explication.png Graphic file (type png)
<use images/crop_allocation_explication.png>
Package pdftex.def Info: images/crop_allocation_explication.png  used on input line 447.
(pdftex.def)             Requested size: 256.0748pt x 142.83185pt.

LaTeX Warning: Citation 'akplogan_solving_2013' on page 15 undefined on input line 448.


LaTeX Warning: Citation 'akplogan_solving_2013' on page 15 undefined on input line 448.

Package acronym Info: Label `acro:MIP' newly defined as it shall be overridden
although it is yet undefined on input line 453.
Package acronym Info: Label `acro:MINLP' newly defined as it shall be overridden
although it is yet undefined on input line 453.
Package acronym Info: Label `acro:LP' newly defined as it shall be overridden
although it is yet undefined on input line 455.
File: ./images/logo_UT.png Graphic file (type png)
<use ./images/logo_UT.png>
Package pdftex.def Info: ./images/logo_UT.png  used on input line 457.
(pdftex.def)             Requested size: 56.9055pt x 18.25664pt.
[15

 <./images/crop_allocation_explication.png>]
Underfull \hbox (badness 10000) in paragraph at lines 458--461

 []


Underfull \hbox (badness 10000) in paragraph at lines 462--466

 []


Underfull \hbox (badness 10000) in paragraph at lines 462--466

 []


LaTeX Warning: Citation 'chaboud2020tackling' on page 16 undefined on input line 467.


Overfull \hbox (18.30367pt too wide) in paragraph at lines 467--470
[]\T1/lmr/m/n/10 In a much more dy-namic spatio-temporal con-text, Schmidt et al. (2020)[[]]
 []

<images/lumberjack_algo.png, id=419, 785.18344pt x 157.33781pt>
File: images/lumberjack_algo.png Graphic file (type png)
<use images/lumberjack_algo.png>
Package pdftex.def Info: images/lumberjack_algo.png  used on input line 473.
(pdftex.def)             Requested size: 284.52756pt x 57.01608pt.

LaTeX Warning: Citation 'chaboud2020tackling' on page 16 undefined on input line 474.


LaTeX Warning: Citation 'chaboud2020tackling' on page 16 undefined on input line 474.

<images/ex_alternative_fligth.png, id=420, 377.91188pt x 265.74281pt>
File: images/ex_alternative_fligth.png Graphic file (type png)
<use images/ex_alternative_fligth.png>
Package pdftex.def Info: images/ex_alternative_fligth.png  used on input line 481.
(pdftex.def)             Requested size: 170.71652pt x 120.04541pt.

LaTeX Warning: Citation 'chaboud2020tackling' on page 16 undefined on input line 482.


LaTeX Warning: Citation 'chaboud2020tackling' on page 16 undefined on input line 482.


Underfull \hbox (badness 10000) in paragraph at lines 482--482
[][]|\T1/lmr/bx/n/10 Po-ten-tial tra-jec-to-ries go-ing from up-per left to lower
 []

Package acronym Info: Label `acro:SBF' newly defined as it shall be overridden
although it is yet undefined on input line 485.
File: ./images/logo_UT.png Graphic file (type png)
<use ./images/logo_UT.png>
Package pdftex.def Info: ./images/logo_UT.png  used on input line 491.
(pdftex.def)             Requested size: 56.9055pt x 18.25664pt.
[16 <./images/lumberjack_algo.png> <./images/ex_alternative_fligth.png>]
<images/performance1_SBF_TB2.png, id=430, 517.18219pt x 344.78813pt>
File: images/performance1_SBF_TB2.png Graphic file (type png)
<use images/performance1_SBF_TB2.png>
Package pdftex.def Info: images/performance1_SBF_TB2.png  used on input line 494.
(pdftex.def)             Requested size: 227.62204pt x 151.74933pt.


LaTeX Warning: Citation 'chaboud2020tackling' on page 17 undefined on input line 497.


LaTeX Warning: Citation 'chaboud2020tackling' on page 17 undefined on input line 497.

<images/performance2_SBF_TB2.png, id=434, 513.41812pt x 321.45094pt>
File: images/performance2_SBF_TB2.png Graphic file (type png)
<use images/performance2_SBF_TB2.png>
Package pdftex.def Info: images/performance2_SBF_TB2.png  used on input line 506.
(pdftex.def)             Requested size: 227.62204pt x 142.51303pt.

LaTeX Warning: Citation 'chaboud2020tackling' on page 17 undefined on input line 510.


LaTeX Warning: Citation 'chaboud2020tackling' on page 17 undefined on input line 510.


Underfull \hbox (badness 10000) in paragraph at lines 518--521

 []

File: ./images/logo_UT.png Graphic file (type png)
<use ./images/logo_UT.png>
Package pdftex.def Info: ./images/logo_UT.png  used on input line 521.
(pdftex.def)             Requested size: 56.9055pt x 18.25664pt.
[17 <./images/performance1_SBF_TB2.png> <./images/performance2_SBF_TB2.png>]

LaTeX Warning: Citation 'nurse_rostering_problems' on page 18 undefined on input line 522.


Underfull \hbox (badness 10000) in paragraph at lines 522--525

 []


Underfull \hbox (badness 10000) in paragraph at lines 526--529

 []


Underfull \hbox (badness 10000) in paragraph at lines 530--534

 []

Package acronym Info: Label `acro:CP' newly defined as it shall be overridden
although it is yet undefined on input line 536.

Underfull \hbox (badness 10000) in paragraph at lines 540--542

 []


LaTeX Warning: Citation 'lesaint2014developing' on page 18 undefined on input line 543.


Underfull \hbox (badness 10000) in paragraph at lines 543--547

 []


Underfull \hbox (badness 10000) in paragraph at lines 548--551

 []


Underfull \hbox (badness 10000) in paragraph at lines 552--556

 []


Underfull \hbox (badness 10000) in paragraph at lines 552--556

 []

File: ./images/logo_UT.png Graphic file (type png)
<use ./images/logo_UT.png>
Package pdftex.def Info: ./images/logo_UT.png  used on input line 556.
(pdftex.def)             Requested size: 56.9055pt x 18.25664pt.
[18]

LaTeX Warning: Citation 'ieee_transactions_on_mobile_computing' on page 19 undefined on input line 558.

File: ./images/logo_UT.png Graphic file (type png)
<use ./images/logo_UT.png>
Package pdftex.def Info: ./images/logo_UT.png  used on input line 567.
(pdftex.def)             Requested size: 56.9055pt x 18.25664pt.
[19]
<images/neuro_symbolic_architecture.png, id=469, 749.04843pt x 182.18062pt>
File: images/neuro_symbolic_architecture.png Graphic file (type png)
<use images/neuro_symbolic_architecture.png>
Package pdftex.def Info: images/neuro_symbolic_architecture.png  used on input line 580.
(pdftex.def)             Requested size: 398.3386pt x 96.88327pt.


LaTeX Warning: Citation 'defresne_scaling_2026' on page 20 undefined on input line 581.


LaTeX Warning: Citation 'defresne_scaling_2026' on page 20 undefined on input line 581.

File: ./images/logo_UT.png Graphic file (type png)
<use ./images/logo_UT.png>
Package pdftex.def Info: ./images/logo_UT.png  used on input line 599.
(pdftex.def)             Requested size: 56.9055pt x 18.25664pt.
[20

 <./images/neuro_symbolic_architecture.png>]
<images/smc_example.png, id=478, 1090.0725pt x 331.2375pt>
File: images/smc_example.png Graphic file (type png)
<use images/smc_example.png>
Package pdftex.def Info: images/smc_example.png  used on input line 602.
(pdftex.def)             Requested size: 341.43306pt x 103.74901pt.


LaTeX Warning: Citation 'li_solving_2025' on page 21 undefined on input line 603.


LaTeX Warning: Citation 'li_solving_2025' on page 21 undefined on input line 603.

<images/KOCO.png, id=479, 642.90187pt x 250.68657pt>
File: images/KOCO.png Graphic file (type png)
<use images/KOCO.png>
Package pdftex.def Info: images/KOCO.png  used on input line 608.
(pdftex.def)             Requested size: 341.43306pt x 133.13864pt.

LaTeX Warning: Citation 'li_solving_2025' on page 21 undefined on input line 609.


LaTeX Warning: Citation 'li_solving_2025' on page 21 undefined on input line 609.


Underfull \hbox (badness 10000) in paragraph at lines 614--619

 []


Underfull \hbox (badness 10000) in paragraph at lines 614--619

 []

File: ./images/logo_UT.png Graphic file (type png)
<use ./images/logo_UT.png>
Package pdftex.def Info: ./images/logo_UT.png  used on input line 625.
(pdftex.def)             Requested size: 56.9055pt x 18.25664pt.
[21 <./images/smc_example.png> <./images/KOCO.png>]
File: ./images/logo_UT.png Graphic file (type png)
<use ./images/logo_UT.png>
Package pdftex.def Info: ./images/logo_UT.png  used on input line 656.
(pdftex.def)             Requested size: 56.9055pt x 18.25664pt.
 [22

]
Overfull \hbox (15.0pt too wide) in paragraph at lines 673--674
[][]|[]$[]$  
 []

File: ./images/logo_UT.png Graphic file (type png)
<use ./images/logo_UT.png>
Package pdftex.def Info: ./images/logo_UT.png  used on input line 704.
(pdftex.def)             Requested size: 56.9055pt x 18.25664pt.
[23

]

LaTeX Warning: Empty bibliography on input line 705.

\tf@thm=\write10
\openout10 = `report.thm'.

(report.aux)
 ***********
LaTeX2e <2025-11-01>
L3 programming layer <2026-01-19>
 ***********


LaTeX Warning: There were undefined references.

Package rerunfilecheck Info: File `report.out' has not changed.
(rerunfilecheck)             Checksum: 111C7709D29C45260873F515FF4B9DD9;5345.

Package biblatex Warning: Please (re)run Biber on the file:
(biblatex)                report
(biblatex)                and rerun LaTeX afterwards.

Package logreq Info: Writing requests to 'report.run.xml'.
\openout1 = `report.run.xml'.

 ) 
Here is how much of TeX's memory you used:
 49752 strings out of 467866
 1028592 string characters out of 5418313
 1954663 words of memory out of 5000000
 77732 multiletter control sequences out of 15000+600000
 722072 words of font info for 107 fonts, out of 8000000 for 9000
 1141 hyphenation exceptions out of 8191
 93i,18n,120p,1242b,1833s stack positions out of 10000i,1000n,20000p,200000b,200000s
<C:/Users/Marco/AppData/Local/Programs/MiKTeX/fonts/type1/public/lm/lmbx10.pfb><C:/Users/Marco/AppData/Local/Programs/MiKTeX/fonts/type1/public/lm/lmbx12.pfb><C:/Users/Marco/AppData/Local/Programs/MiKTeX/fonts/type1/public/lm/lmbx7.pfb><C:/Users/Marco/AppData/Local/Programs/MiKTeX/fonts/type1/public/lm/lmbx9.pfb><C:/Users/Marco/AppData/Local/Programs/MiKTeX/fonts/type1/public/lm/lmbxi10.pfb><C:/Users/Marco/AppData/Local/Programs/MiKTeX/fonts/type1/public/lm/lmex10.pfb><C:/Users/Marco/AppData/Local/Programs/MiKTeX/fonts/type1/public/lm/lmmi10.pfb><C:/Users/Marco/AppData/Local/Programs/MiKTeX/fonts/type1/public/lm/lmmi12.pfb><C:/Users/Marco/AppData/Local/Programs/MiKTeX/fonts/type1/public/lm/lmmi5.pfb><C:/Users/Marco/AppData/Local/Programs/MiKTeX/fonts/type1/public/lm/lmmi7.pfb><C:/Users/Marco/AppData/Local/Programs/MiKTeX/fonts/type1/public/lm/lmr10.pfb><C:/Users/Marco/AppData/Local/Programs/MiKTeX/fonts/type1/public/lm/lmr5.pfb><C:/Users/Marco/AppData/Local/Programs/MiKTeX/fonts/type1/public/lm/lmr6.pfb><C:/Users/Marco/AppData/Local/Programs/MiKTeX/fonts/type1/public/lm/lmr7.pfb><C:/Users/Marco/AppData/Local/Programs/MiKTeX/fonts/type1/public/lm/lmr8.pfb><C:/Users/Marco/AppData/Local/Programs/MiKTeX/fonts/type1/public/lm/lmr9.pfb><C:/Users/Marco/AppData/Local/Programs/MiKTeX/fonts/type1/public/lm/lmri10.pfb><C:/Users/Marco/AppData/Local/Programs/MiKTeX/fonts/type1/public/lm/lmri9.pfb><C:/Users/Marco/AppData/Local/Programs/MiKTeX/fonts/type1/public/lm/lmsy10.pfb><C:/Users/Marco/AppData/Local/Programs/MiKTeX/fonts/type1/public/lm/lmsy7.pfb>
Output written on report.pdf (24 pages, 1952724 bytes).
PDF statistics:
 637 PDF objects out of 1000 (max. 8388607)
 132 named destinations out of 1000 (max. 500000)
 268 words of extra memory for PDF output out of 10000 (max. 10000000)

